#
# A fatal error has been detected by the Java Runtime Environment:
#
#  EXCEPTION_ACCESS_VIOLATION (0xc0000005) at pc=0x00007ffc536f9d69, pid=22804, tid=26216
#
# JRE version: OpenJDK Runtime Environment (21.0.1+12) (build 21.0.1+12-LTS)
# Java VM: OpenJDK 64-Bit Server VM (21.0.1+12-LTS, mixed mode, sharing, tiered, compressed oops, compressed class ptrs, g1 gc, windows-amd64)
# Problematic frame:
# V  [jvm.dll+0x369d69]
#
# No core dump will be written. Minidumps are not enabled by default on client versions of Windows
#
# If you would like to submit a bug report, please visit:
#   https://bell-sw.com/support
#

---------------  S U M M A R Y ------------

Command Line: -Dfile.encoding=windows-1252 -Duser.country=US -Duser.language=en -Duser.variant --module-path=C:\Users\Kinsl\IdeaProjects-3\ripple-webrtc\clients-examples\javafx\g-streamer-demo\build\libs\g-streamer-demo-1.0.jar;C:\Users\Kinsl\IdeaProjects-3\ripple-webrtc\clients-examples\javafx\g-streamer-demo\build\classes\java\main;C:\Users\Kinsl\.gradle\caches\modules-2\files-2.1\org.openjfx\javafx-fxml\21\4a1cd270e1ae03ae73110eb68622afd457c6f903\javafx-fxml-21-win.jar;C:\Users\Kinsl\.gradle\caches\modules-2\files-2.1\org.openjfx\javafx-controls\21\76e295d84578a3d9688e092aae3f2ff1cf3e83a9\javafx-controls-21-win.jar;C:\Users\Kinsl\.gradle\caches\modules-2\files-2.1\org.openjfx\javafx-controls\21\f290138dcff0ee5679eebd2096f29dfa1f7563c6\javafx-controls-21.jar;C:\Users\Kinsl\.gradle\caches\modules-2\files-2.1\org.openjfx\javafx-media\21\f5e89e981be5c3c6f316b6f8b7b49686cd7c6d58\javafx-media-21-win.jar;C:\Users\Kinsl\.gradle\caches\modules-2\files-2.1\org.openjfx\javafx-graphics\21\8083d97ea236079c82cf8e3463b62990340346d4\javafx-graphics-21-win.jar;C:\Users\Kinsl\.gradle\caches\modules-2\files-2.1\org.openjfx\javafx-graphics\21\f8d0163c8bf9cffdcf2eac163446ea550b3051ca\javafx-graphics-21.jar;C:\Users\Kinsl\.gradle\caches\modules-2\files-2.1\org.openjfx\javafx-base\21\a7e334fbb619859e1010cad06ddcf16e774c87a0\javafx-base-21-win.jar;C:\Users\Kinsl\.gradle\caches\modules-2\files-2.1\org.openjfx\javafx-base\21\be7576df67c204d6d3f9c6c5d4db4e268ff22ff2\javafx-base-21.jar;C:\Users\Kinsl\.gradle\caches\modules-2\files-2.1\org.controlsfx\controlsfx\11.1.2\584bc3f468e2c33100fcdbb1daf0a3e095e5e031\controlsfx-11.1.2.jar;C:\Users\Kinsl\.gradle\caches\modules-2\files-2.1\org.kordamp.bootstrapfx\bootstrapfx-core\0.4.0\8d019b30266c00770cf29921d1008ad7feed0ed6\bootstrapfx-core-0.4.0.jar;C:\Users\Kinsl\.gradle\caches\modules-2\files-2.1\org.json\json\20231013\e22e0c040fe16f04ffdb85d851d77b07fc05ea52\json-20231013.jar;C:\Users\Kinsl\.gradle\caches\modules-2\files-2.1\com.squareup.okhttp3\okhttp\4.12.0\2f4525d4a200e97e1b87449c2cd9bd2e25b7e8cd\okhttp-4.12.0.jar;C:\Users\Kinsl\.gradl-Djdk.module.main=africa.jopen.gstreamerdemo africa.jopen.gstreamerdemo/africa.jopen.gstreamerdemo.App

Host: Intel(R) Core(TM) i7-8650U CPU @ 1.90GHz, 8 cores, 15G,  Windows 11 , 64 bit Build 22621 (10.0.22621.2506)
Time: Wed Jan 17 20:23:13 2024 South Africa Standard Time elapsed time: 10.400196 seconds (0d 0h 0m 10s)

---------------  T H R E A D  ---------------

Current thread (0x000001bf92421bc0):  WorkerThread "GC Thread#3"    [id=26216, stack(0x0000005cd7f00000,0x0000005cd8000000) (1024K)]

Stack: [0x0000005cd7f00000,0x0000005cd8000000],  sp=0x0000005cd7fff660,  free space=1021k
Native frames: (J=compiled Java code, j=interpreted, Vv=VM code, C=native code)
V  [jvm.dll+0x369d69]
V  [jvm.dll+0x36a835]
V  [jvm.dll+0x36a515]
V  [jvm.dll+0x371cd4]
V  [jvm.dll+0x371e4b]
V  [jvm.dll+0x8d73b7]
V  [jvm.dll+0x852988]
V  [jvm.dll+0x6cd44d]
C  [ucrtbase.dll+0x29363]
C  [KERNEL32.DLL+0x1257d]
C  [ntdll.dll+0x5aa58]


siginfo: EXCEPTION_ACCESS_VIOLATION (0xc0000005), reading address 0x0000000000002950


Registers:
RAX=0x0000000000000000, RBX=0x000001bf92848938, RCX=0x0000000000000015, RDX=0x0000000000000000
RSP=0x0000005cd7fff660, RBP=0x0000000000000002, RSI=0x000001bf930fdf50, RDI=0x0000000000002950
R8 =0x0000000000000000, R9 =0x000001bf28af0250, R10=0x00007ffcd4f30000, R11=0x00007ffcd4f315b5
R12=0x000001bf92848930, R13=0x0000005cd6cfeaf8, R14=0x000001bf930fdf40, R15=0x0000000000000028
RIP=0x00007ffc536f9d69, EFLAGS=0x0000000000010246


Register to memory mapping:

RAX=0x0 is null
RBX=0x000001bf92848938 points into unknown readable memory: 0x00007ffc53dbfd00 | 00 fd db 53 fc 7f 00 00
RCX=0x0000000000000015 is an unknown value
RDX=0x0 is null
RSP=0x0000005cd7fff660 points into unknown readable memory: 0x0000000006300000 | 00 00 30 06 00 00 00 00
RBP=0x0000000000000002 is an unknown value
RSI=0x000001bf930fdf50 points into unknown readable memory: 0x0000000000002950 | 50 29 00 00 00 00 00 00
RDI=0x0000000000002950 is an unknown value
R8 =0x0 is null
R9 =0x000001bf28af0250 points into unknown readable memory: 0x00007ffc53db6630 | 30 66 db 53 fc 7f 00 00
R10=0x00007ffcd4f30000 VCRUNTIME140.dll
R11=0x00007ffcd4f315b5 VCRUNTIME140.dll
R12=0x000001bf92848930 points into unknown readable memory: 0x00007ffc53dbfd48 | 48 fd db 53 fc 7f 00 00
R13=0x0000005cd6cfeaf8 points into unknown readable memory: 0x000001bf47e9f240 | 40 f2 e9 47 bf 01 00 00
R14=0x000001bf930fdf40 points into unknown readable memory: 0x000000070f869998 | 98 99 86 0f 07 00 00 00
R15=0x0000000000000028 is an unknown value

Top of Stack: (sp=0x0000005cd7fff660)
0x0000005cd7fff660:   0000000006300000 0000000518ee0001
0x0000005cd7fff670:   0000000000000000 0000000000000070
0x0000005cd7fff680:   0000000000000004 00007ffc536fa835
0x0000005cd7fff690:   000001bf92848938 00000000007ffff8
0x0000005cd7fff6a0:   000001bf932b39e0 00007ffc53dbb0e0
0x0000005cd7fff6b0:   0000000000000000 0000005cd7fff730
0x0000005cd7fff6c0:   0000000000000004 000001bf9241d730
0x0000005cd7fff6d0:   0000005cd6cfe9f0 0000000518dfa5a1
0x0000005cd7fff6e0:   00007ffc53dbaff0 0000000006305115
0x0000005cd7fff6f0:   0000000518ee9d15 00007ffc0000000b
0x0000005cd7fff700:   000001bf9241d730 0000000000000004
0x0000005cd7fff710:   0000000000000000 0000000000000000
0x0000005cd7fff720:   0000000000000000 0000000000000000
0x0000005cd7fff730:   00007ffc53dbaff0 0000000006303600
0x0000005cd7fff740:   0000000000000002 0000000000000003
0x0000005cd7fff750:   0000000000000000 000082ad85d869a5
0x0000005cd7fff760:   0000000000000000 000001bf8d131040
0x0000005cd7fff770:   000001bf8d131050 00000000000003d8
0x0000005cd7fff780:   000001bf8d131428 0000005cd6cfe9f0
0x0000005cd7fff790:   0000000000000004 000001bf9241d730
0x0000005cd7fff7a0:   000001bf92848930 00007ffc536fa515
0x0000005cd7fff7b0:   000001bf92848930 000001bf9241d730
0x0000005cd7fff7c0:   0000000000000004 0000005cd6cfe9f0
0x0000005cd7fff7d0:   0000000000000004 0000000000000008
0x0000005cd7fff7e0:   0000000000000005 00007ffc53450000
0x0000005cd7fff7f0:   0000000000000000 00007ffc53a50d91
0x0000005cd7fff800:   0000000000000008 00000000000001e8
0x0000005cd7fff810:   0000000000000001 00007ffc5344d90e
0x0000005cd7fff820:   0000000000000005 00007ffc534502d6
0x0000005cd7fff830:   0000000000000000 0000000000000008
0x0000005cd7fff840:   00007ffc53dbb000 00000000063036fc
0x0000005cd7fff850:   0000000518d91529 0000000000000003 

Instructions: (pc=0x00007ffc536f9d69)
0x00007ffc536f9c69:   e2 4c 03 15 97 85 8c 00 4d 8b c2 49 8b 81 a0 05
0x00007ffc536f9c79:   00 00 41 8b 89 b0 05 00 00 49 d3 e8 42 0f b7 14
0x00007ffc536f9c89:   40 0f b7 c2 66 c1 e8 08 84 c0 78 3a 4d 8b 02 41
0x00007ffc536f9c99:   0f b6 c0 24 03 3c 03 75 06 49 83 e0 fc eb 12 48
0x00007ffc536f9ca9:   8b 4b 10 4d 8b c8 4d 8b c2 e8 d9 17 ff ff 4c 8b
0x00007ffc536f9cb9:   c0 4c 2b 05 47 85 8c 00 8b 0d 49 85 8c 00 49 d3
0x00007ffc536f9cc9:   e8 44 89 07 eb 37 3c fd 75 33 41 8b 89 18 02 00
0x00007ffc536f9cd9:   00 49 8b 81 10 02 00 00 48 d3 e0 8b 0d 76 b5 93
0x00007ffc536f9ce9:   00 4c 2b d0 49 8b 81 90 05 00 00 49 d3 ea 41 8b
0x00007ffc536f9cf9:   ca 80 7c 48 01 fd 75 05 c6 44 48 01 ff 48 8b 4b
0x00007ffc536f9d09:   10 e8 f1 f0 fe ff 48 8b 5c 24 30 48 83 c4 20 5f
0x00007ffc536f9d19:   c3 cc cc cc cc cc cc 48 89 5c 24 08 48 89 74 24
0x00007ffc536f9d29:   10 57 48 83 ec 20 48 8b 3a 48 8b f2 48 8b d9 48
0x00007ffc536f9d39:   85 ff 0f 84 b7 00 00 00 4c 8b 49 08 4c 8b c7 49
0x00007ffc536f9d49:   8b 81 a0 05 00 00 41 8b 89 b0 05 00 00 49 d3 e8
0x00007ffc536f9d59:   42 0f b7 14 40 0f b7 c2 66 c1 e8 08 84 c0 78 2c
0x00007ffc536f9d69:   48 8b 0f 0f b6 c1 24 03 3c 03 75 09 48 83 e1 fc
0x00007ffc536f9d79:   48 89 0e eb 71 4c 8b c9 4c 8b c7 48 8b 4b 10 e8
0x00007ffc536f9d89:   03 17 ff ff 48 8b c8 48 89 06 eb 5a 3c fd 75 37
0x00007ffc536f9d99:   41 8b 89 18 02 00 00 48 8b d7 49 8b 81 10 02 00
0x00007ffc536f9da9:   00 48 d3 e0 8b 0d ad b4 93 00 48 2b d0 49 8b 81
0x00007ffc536f9db9:   90 05 00 00 48 d3 ea 8b ca 80 7c 48 01 fd 75 17
0x00007ffc536f9dc9:   c6 44 48 01 ff eb 10 3c fc 75 0c 48 8b 4b 10 48
0x00007ffc536f9dd9:   8b d6 e8 90 f3 ff ff 8b 53 18 4c 8b c7 48 8b 4b
0x00007ffc536f9de9:   28 e8 e1 4c fb ff 48 8b 4b 10 e8 08 f0 fe ff 48
0x00007ffc536f9df9:   8b 5c 24 30 48 8b 74 24 38 48 83 c4 20 5f c3 cc
0x00007ffc536f9e09:   cc cc cc cc cc cc cc 48 89 5c 24 10 56 48 83 ec
0x00007ffc536f9e19:   20 8b 02 48 8b f2 48 8b d9 85 c0 0f 84 e0 00 00
0x00007ffc536f9e29:   00 8b 0d e0 83 8c 00 4c 8b 43 08 48 89 7c 24 30
0x00007ffc536f9e39:   8b f8 48 d3 e7 48 03 3d c3 83 8c 00 49 8b 80 a0
0x00007ffc536f9e49:   05 00 00 48 8b d7 41 8b 88 b0 05 00 00 48 d3 ea
0x00007ffc536f9e59:   0f b7 14 50 0f b7 c2 66 c1 e8 08 84 c0 78 3a 4c 


Stack slot to memory mapping:

stack at sp + 0 slots: 0x0000000006300000 is an unknown value
stack at sp + 1 slots: 0x0000000518ee0001 is an unknown value
stack at sp + 2 slots: 0x0 is null
stack at sp + 3 slots: 0x0000000000000070 is an unknown value
stack at sp + 4 slots: 0x0000000000000004 is an unknown value
stack at sp + 5 slots: 0x00007ffc536fa835 jvm.dll
stack at sp + 6 slots: 0x000001bf92848938 points into unknown readable memory: 0x00007ffc53dbfd00 | 00 fd db 53 fc 7f 00 00
stack at sp + 7 slots: 0x00000000007ffff8 is an unknown value


---------------  P R O C E S S  ---------------

Threads class SMR info:
_java_thread_list=0x000001bf8d9ec470, length=25, elements={
0x000001bf26a08150, 0x000001bf47ec3de0, 0x000001bf47ec5ec0, 0x000001bf47ec80d0,
0x000001bf47eccb60, 0x000001bf47ecd920, 0x000001bf47ece530, 0x000001bf47edcd40,
0x000001bf47ed9ad0, 0x000001bf8d0ef490, 0x000001bf8d6f5ae0, 0x000001bf8d6f5410,
0x000001bf8da72490, 0x000001bf8da7af60, 0x000001bf923fe730, 0x000001bf92429010,
0x000001bf92dea4e0, 0x000001bf92de8aa0, 0x000001bf92de9e50, 0x000001bf92de8410,
0x000001bf92de97c0, 0x000001bf92de7060, 0x000001bf92de76f0, 0x000001bf92de7d80,
0x000001bf9312d740
}

Java Threads: ( => current thread )
  0x000001bf26a08150 JavaThread "main"                              [_thread_blocked, id=23708, stack(0x0000005cd6500000,0x0000005cd6600000) (1024K)]
  0x000001bf47ec3de0 JavaThread "Reference Handler"          daemon [_thread_blocked, id=11784, stack(0x0000005cd6d00000,0x0000005cd6e00000) (1024K)]
  0x000001bf47ec5ec0 JavaThread "Finalizer"                  daemon [_thread_blocked, id=2128, stack(0x0000005cd6e00000,0x0000005cd6f00000) (1024K)]
  0x000001bf47ec80d0 JavaThread "Signal Dispatcher"          daemon [_thread_blocked, id=10656, stack(0x0000005cd6f00000,0x0000005cd7000000) (1024K)]
  0x000001bf47eccb60 JavaThread "Attach Listener"            daemon [_thread_blocked, id=20660, stack(0x0000005cd7000000,0x0000005cd7100000) (1024K)]
  0x000001bf47ecd920 JavaThread "Service Thread"             daemon [_thread_blocked, id=29012, stack(0x0000005cd7100000,0x0000005cd7200000) (1024K)]
  0x000001bf47ece530 JavaThread "Monitor Deflation Thread"   daemon [_thread_blocked, id=15424, stack(0x0000005cd7200000,0x0000005cd7300000) (1024K)]
  0x000001bf47edcd40 JavaThread "C2 CompilerThread0"         daemon [_thread_blocked, id=15880, stack(0x0000005cd7300000,0x0000005cd7400000) (1024K)]
  0x000001bf47ed9ad0 JavaThread "C1 CompilerThread0"         daemon [_thread_blocked, id=1856, stack(0x0000005cd7400000,0x0000005cd7500000) (1024K)]
  0x000001bf8d0ef490 JavaThread "Common-Cleaner"             daemon [_thread_blocked, id=19372, stack(0x0000005cd7500000,0x0000005cd7600000) (1024K)]
  0x000001bf8d6f5ae0 JavaThread "Notification Thread"        daemon [_thread_blocked, id=28288, stack(0x0000005cd7800000,0x0000005cd7900000) (1024K)]
  0x000001bf8d6f5410 JavaThread "QuantumRenderer-0"          daemon [_thread_blocked, id=28600, stack(0x0000005cd7600000,0x0000005cd7700000) (1024K)]
  0x000001bf8da72490 JavaThread "InvokeLaterDispatcher"      daemon [_thread_blocked, id=30236, stack(0x0000005cd7700000,0x0000005cd7800000) (1024K)]
  0x000001bf8da7af60 JavaThread "JavaFX Application Thread"         [_thread_in_native, id=16784, stack(0x0000005cd7900000,0x0000005cd7a00000) (1024K)]
  0x000001bf923fe730 JavaThread "Thread-1"                   daemon [_thread_blocked, id=19100, stack(0x0000005cd8200000,0x0000005cd8300000) (1024K)]
  0x000001bf92429010 JavaThread "JavaFX-Launcher"                   [_thread_blocked, id=20064, stack(0x0000005cd8300000,0x0000005cd8400000) (1024K)]
  0x000001bf92dea4e0 JavaThread "Prism Font Disposer"        daemon [_thread_blocked, id=4484, stack(0x0000005cd8500000,0x0000005cd8600000) (1024K)]
  0x000001bf92de8aa0 JavaThread "Cleaner-0"                  daemon [_thread_blocked, id=29884, stack(0x0000005cd8400000,0x0000005cd8500000) (1024K)]
  0x000001bf92de9e50 JavaThread "OkHttp http://localhost:8080/..."        [_thread_blocked, id=15984, stack(0x0000005cd8e00000,0x0000005cd8f00000) (1024K)]
  0x000001bf92de8410 JavaThread "OkHttp TaskRunner"          daemon [_thread_blocked, id=29080, stack(0x0000005cd9000000,0x0000005cd9100000) (1024K)]
  0x000001bf92de97c0 JavaThread "Okio Watchdog"              daemon [_thread_blocked, id=23440, stack(0x0000005cd9100000,0x0000005cd9200000) (1024K)]
  0x000001bf92de7060 JavaThread "OkHttp TaskRunner"          daemon [_thread_blocked, id=30264, stack(0x0000005cd8600000,0x0000005cd8700000) (1024K)]
  0x000001bf92de76f0 JavaThread "ForkJoinPool-1-worker-1"    daemon [_thread_blocked, id=8280, stack(0x0000005cd8d00000,0x0000005cd8e00000) (1024K)]
  0x000001bf92de7d80 JavaThread "ForkJoinPool-1-worker-2"    daemon [_thread_blocked, id=23508, stack(0x0000005cd9200000,0x0000005cd9300000) (1024K)]
  0x000001bf9312d740 JavaThread "VirtualThread-unparker"     daemon [_thread_blocked, id=28272, stack(0x0000005cd9300000,0x0000005cd9400000) (1024K)]
Total: 25

Other Threads:
  0x000001bf47ea62f0 VMThread "VM Thread"                           [id=22516, stack(0x0000005cd6c00000,0x0000005cd6d00000) (1024K)]
  0x000001bf47e8e920 WatcherThread "VM Periodic Task Thread"        [id=21168, stack(0x0000005cd6b00000,0x0000005cd6c00000) (1024K)]
  0x000001bf28b470e0 WorkerThread "GC Thread#0"                     [id=16600, stack(0x0000005cd6600000,0x0000005cd6700000) (1024K)]
  0x000001bf924af860 WorkerThread "GC Thread#1"                     [id=8188, stack(0x0000005cd7d00000,0x0000005cd7e00000) (1024K)]
  0x000001bf924069d0 WorkerThread "GC Thread#2"                     [id=26780, stack(0x0000005cd7e00000,0x0000005cd7f00000) (1024K)]
=>0x000001bf92421bc0 WorkerThread "GC Thread#3"                     [id=26216, stack(0x0000005cd7f00000,0x0000005cd8000000) (1024K)]
  0x000001bf9245b2d0 WorkerThread "GC Thread#4"                     [id=11540, stack(0x0000005cd8000000,0x0000005cd8100000) (1024K)]
  0x000001bf9245b670 WorkerThread "GC Thread#5"                     [id=23396, stack(0x0000005cd8100000,0x0000005cd8200000) (1024K)]
  0x000001bf927e1410 WorkerThread "GC Thread#6"                     [id=3136, stack(0x0000005cd8a00000,0x0000005cd8b00000) (1024K)]
  0x000001bf927e29d0 WorkerThread "GC Thread#7"                     [id=13144, stack(0x0000005cd8b00000,0x0000005cd8c00000) (1024K)]
  0x000001bf28b58080 ConcurrentGCThread "G1 Main Marker"            [id=7260, stack(0x0000005cd6700000,0x0000005cd6800000) (1024K)]
  0x000001bf28b59320 WorkerThread "G1 Conc#0"                       [id=5804, stack(0x0000005cd6800000,0x0000005cd6900000) (1024K)]
  0x000001bf47d4f560 ConcurrentGCThread "G1 Refine#0"               [id=21800, stack(0x0000005cd6900000,0x0000005cd6a00000) (1024K)]
  0x000001bf47d4fee0 ConcurrentGCThread "G1 Service"                [id=19252, stack(0x0000005cd6a00000,0x0000005cd6b00000) (1024K)]
Total: 14

Threads with active compile tasks:
Total: 0

VM state: at safepoint (normal execution)

VM Mutex/Monitor currently owned by a thread:  ([mutex/lock_event])
[0x00007ffc5404ca78] Threads_lock - owner thread: 0x000001bf47ea62f0
[0x00007ffc5404cb78] Heap_lock - owner thread: 0x000001bf92de9e50

Heap address: 0x0000000701e00000, size: 4066 MB, Compressed Oops mode: Zero based, Oop shift amount: 3

CDS archive(s) mapped at: [0x000001bf48000000-0x000001bf48c90000-0x000001bf48c90000), size 13172736, SharedBaseAddress: 0x000001bf48000000, ArchiveRelocationMode: 1.
Compressed class space mapped at: 0x000001bf49000000-0x000001bf89000000, reserved size: 1073741824
Narrow klass base: 0x000001bf48000000, Narrow klass shift: 0, Narrow klass range: 0x100000000

GC Precious Log:
 CardTable entry size: 512
 Card Set container configuration: InlinePtr #cards 4 size 8 Array Of Cards #cards 16 size 48 Howl #buckets 8 coarsen threshold 3686 Howl Bitmap #cards 512 size 80 coarsen threshold 460 Card regions per heap region 1 cards per card region 4096
 CPUs: 8 total, 8 available
 Memory: 16262M
 Large Page Support: Disabled
 NUMA Support: Disabled
 Compressed Oops: Enabled (Zero based)
 Heap Region Size: 2M
 Heap Min Capacity: 8M
 Heap Initial Capacity: 256M
 Heap Max Capacity: 4066M
 Pre-touch: Disabled
 Parallel Workers: 8
 Concurrent Workers: 2
 Concurrent Refinement Workers: 8
 Periodic GC: Disabled

Heap:
 garbage-first heap   total 262144K, used 44456K [0x0000000701e00000, 0x0000000800000000)
  region size 2048K, 23 young (47104K), 5 survivors (10240K)
 Metaspace       used 21148K, committed 21504K, reserved 1114112K
  class space    used 2676K, committed 2880K, reserved 1048576K

Heap Regions: E=young(eden), S=young(survivor), O=old, HS=humongous(starts), HC=humongous(continues), CS=collection set, F=free, TAMS=top-at-mark-start, PB=parsable bottom
|   0|0x0000000701e00000, 0x0000000702000000, 0x0000000702000000|100%| O|  |TAMS 0x0000000701e92b20| PB 0x0000000701e00000| Untracked 
|   1|0x0000000702000000, 0x0000000702200000, 0x0000000702200000|100%|HS|  |TAMS 0x0000000702200000| PB 0x0000000702000000| Complete 
|   2|0x0000000702200000, 0x00000007022224d8, 0x0000000702400000|  6%| O|  |TAMS 0x0000000702200000| PB 0x0000000702200000| Untracked 
|   3|0x0000000702400000, 0x0000000702400000, 0x0000000702600000|  0%| F|  |TAMS 0x0000000702400000| PB 0x0000000702400000| Untracked 
|   4|0x0000000702600000, 0x0000000702600000, 0x0000000702800000|  0%| F|  |TAMS 0x0000000702600000| PB 0x0000000702600000| Untracked 
|   5|0x0000000702800000, 0x0000000702800000, 0x0000000702a00000|  0%| F|  |TAMS 0x0000000702800000| PB 0x0000000702800000| Untracked 
|   6|0x0000000702a00000, 0x0000000702a00000, 0x0000000702c00000|  0%| F|  |TAMS 0x0000000702a00000| PB 0x0000000702a00000| Untracked 
|   7|0x0000000702c00000, 0x0000000702c00000, 0x0000000702e00000|  0%| F|  |TAMS 0x0000000702c00000| PB 0x0000000702c00000| Untracked 
|   8|0x0000000702e00000, 0x0000000702e00000, 0x0000000703000000|  0%| F|  |TAMS 0x0000000702e00000| PB 0x0000000702e00000| Untracked 
|   9|0x0000000703000000, 0x0000000703000000, 0x0000000703200000|  0%| F|  |TAMS 0x0000000703000000| PB 0x0000000703000000| Untracked 
|  10|0x0000000703200000, 0x0000000703200000, 0x0000000703400000|  0%| F|  |TAMS 0x0000000703200000| PB 0x0000000703200000| Untracked 
|  11|0x0000000703400000, 0x0000000703400000, 0x0000000703600000|  0%| F|  |TAMS 0x0000000703400000| PB 0x0000000703400000| Untracked 
|  12|0x0000000703600000, 0x0000000703600000, 0x0000000703800000|  0%| F|  |TAMS 0x0000000703600000| PB 0x0000000703600000| Untracked 
|  13|0x0000000703800000, 0x0000000703800000, 0x0000000703a00000|  0%| F|  |TAMS 0x0000000703800000| PB 0x0000000703800000| Untracked 
|  14|0x0000000703a00000, 0x0000000703a00000, 0x0000000703c00000|  0%| F|  |TAMS 0x0000000703a00000| PB 0x0000000703a00000| Untracked 
|  15|0x0000000703c00000, 0x0000000703c00000, 0x0000000703e00000|  0%| F|  |TAMS 0x0000000703c00000| PB 0x0000000703c00000| Untracked 
|  16|0x0000000703e00000, 0x0000000703e00000, 0x0000000704000000|  0%| F|  |TAMS 0x0000000703e00000| PB 0x0000000703e00000| Untracked 
|  17|0x0000000704000000, 0x0000000704000000, 0x0000000704200000|  0%| F|  |TAMS 0x0000000704000000| PB 0x0000000704000000| Untracked 
|  18|0x0000000704200000, 0x0000000704200000, 0x0000000704400000|  0%| F|  |TAMS 0x0000000704200000| PB 0x0000000704200000| Untracked 
|  19|0x0000000704400000, 0x0000000704400000, 0x0000000704600000|  0%| F|  |TAMS 0x0000000704400000| PB 0x0000000704400000| Untracked 
|  20|0x0000000704600000, 0x0000000704600000, 0x0000000704800000|  0%| F|  |TAMS 0x0000000704600000| PB 0x0000000704600000| Untracked 
|  21|0x0000000704800000, 0x0000000704800000, 0x0000000704a00000|  0%| F|  |TAMS 0x0000000704800000| PB 0x0000000704800000| Untracked 
|  22|0x0000000704a00000, 0x0000000704a00000, 0x0000000704c00000|  0%| F|  |TAMS 0x0000000704a00000| PB 0x0000000704a00000| Untracked 
|  23|0x0000000704c00000, 0x0000000704c00000, 0x0000000704e00000|  0%| F|  |TAMS 0x0000000704c00000| PB 0x0000000704c00000| Untracked 
|  24|0x0000000704e00000, 0x0000000704e00000, 0x0000000705000000|  0%| F|  |TAMS 0x0000000704e00000| PB 0x0000000704e00000| Untracked 
|  25|0x0000000705000000, 0x0000000705000000, 0x0000000705200000|  0%| F|  |TAMS 0x0000000705000000| PB 0x0000000705000000| Untracked 
|  26|0x0000000705200000, 0x0000000705200000, 0x0000000705400000|  0%| F|  |TAMS 0x0000000705200000| PB 0x0000000705200000| Untracked 
|  27|0x0000000705400000, 0x0000000705400000, 0x0000000705600000|  0%| F|  |TAMS 0x0000000705400000| PB 0x0000000705400000| Untracked 
|  28|0x0000000705600000, 0x0000000705600000, 0x0000000705800000|  0%| F|  |TAMS 0x0000000705600000| PB 0x0000000705600000| Untracked 
|  29|0x0000000705800000, 0x0000000705800000, 0x0000000705a00000|  0%| F|  |TAMS 0x0000000705800000| PB 0x0000000705800000| Untracked 
|  30|0x0000000705a00000, 0x0000000705a00000, 0x0000000705c00000|  0%| F|  |TAMS 0x0000000705a00000| PB 0x0000000705a00000| Untracked 
|  31|0x0000000705c00000, 0x0000000705c00000, 0x0000000705e00000|  0%| F|  |TAMS 0x0000000705c00000| PB 0x0000000705c00000| Untracked 
|  32|0x0000000705e00000, 0x0000000705e00000, 0x0000000706000000|  0%| F|  |TAMS 0x0000000705e00000| PB 0x0000000705e00000| Untracked 
|  33|0x0000000706000000, 0x0000000706000000, 0x0000000706200000|  0%| F|  |TAMS 0x0000000706000000| PB 0x0000000706000000| Untracked 
|  34|0x0000000706200000, 0x0000000706200000, 0x0000000706400000|  0%| F|  |TAMS 0x0000000706200000| PB 0x0000000706200000| Untracked 
|  35|0x0000000706400000, 0x0000000706400000, 0x0000000706600000|  0%| F|  |TAMS 0x0000000706400000| PB 0x0000000706400000| Untracked 
|  36|0x0000000706600000, 0x0000000706600000, 0x0000000706800000|  0%| F|  |TAMS 0x0000000706600000| PB 0x0000000706600000| Untracked 
|  37|0x0000000706800000, 0x0000000706800000, 0x0000000706a00000|  0%| F|  |TAMS 0x0000000706800000| PB 0x0000000706800000| Untracked 
|  38|0x0000000706a00000, 0x0000000706a00000, 0x0000000706c00000|  0%| F|  |TAMS 0x0000000706a00000| PB 0x0000000706a00000| Untracked 
|  39|0x0000000706c00000, 0x0000000706c00000, 0x0000000706e00000|  0%| F|  |TAMS 0x0000000706c00000| PB 0x0000000706c00000| Untracked 
|  40|0x0000000706e00000, 0x0000000706e00000, 0x0000000707000000|  0%| F|  |TAMS 0x0000000706e00000| PB 0x0000000706e00000| Untracked 
|  41|0x0000000707000000, 0x0000000707000000, 0x0000000707200000|  0%| F|  |TAMS 0x0000000707000000| PB 0x0000000707000000| Untracked 
|  42|0x0000000707200000, 0x0000000707200000, 0x0000000707400000|  0%| F|  |TAMS 0x0000000707200000| PB 0x0000000707200000| Untracked 
|  43|0x0000000707400000, 0x0000000707400000, 0x0000000707600000|  0%| F|  |TAMS 0x0000000707400000| PB 0x0000000707400000| Untracked 
|  44|0x0000000707600000, 0x0000000707600000, 0x0000000707800000|  0%| F|  |TAMS 0x0000000707600000| PB 0x0000000707600000| Untracked 
|  45|0x0000000707800000, 0x0000000707800000, 0x0000000707a00000|  0%| F|  |TAMS 0x0000000707800000| PB 0x0000000707800000| Untracked 
|  46|0x0000000707a00000, 0x0000000707a00000, 0x0000000707c00000|  0%| F|  |TAMS 0x0000000707a00000| PB 0x0000000707a00000| Untracked 
|  47|0x0000000707c00000, 0x0000000707c00000, 0x0000000707e00000|  0%| F|  |TAMS 0x0000000707c00000| PB 0x0000000707c00000| Untracked 
|  48|0x0000000707e00000, 0x0000000707e00000, 0x0000000708000000|  0%| F|  |TAMS 0x0000000707e00000| PB 0x0000000707e00000| Untracked 
|  49|0x0000000708000000, 0x0000000708000000, 0x0000000708200000|  0%| F|  |TAMS 0x0000000708000000| PB 0x0000000708000000| Untracked 
|  50|0x0000000708200000, 0x0000000708200000, 0x0000000708400000|  0%| F|  |TAMS 0x0000000708200000| PB 0x0000000708200000| Untracked 
|  51|0x0000000708400000, 0x0000000708400000, 0x0000000708600000|  0%| F|  |TAMS 0x0000000708400000| PB 0x0000000708400000| Untracked 
|  52|0x0000000708600000, 0x0000000708600000, 0x0000000708800000|  0%| F|  |TAMS 0x0000000708600000| PB 0x0000000708600000| Untracked 
|  53|0x0000000708800000, 0x0000000708800000, 0x0000000708a00000|  0%| F|  |TAMS 0x0000000708800000| PB 0x0000000708800000| Untracked 
|  54|0x0000000708a00000, 0x0000000708a00000, 0x0000000708c00000|  0%| F|  |TAMS 0x0000000708a00000| PB 0x0000000708a00000| Untracked 
|  55|0x0000000708c00000, 0x0000000708c00000, 0x0000000708e00000|  0%| F|  |TAMS 0x0000000708c00000| PB 0x0000000708c00000| Untracked 
|  56|0x0000000708e00000, 0x0000000708e00000, 0x0000000709000000|  0%| F|  |TAMS 0x0000000708e00000| PB 0x0000000708e00000| Untracked 
|  57|0x0000000709000000, 0x0000000709000000, 0x0000000709200000|  0%| F|  |TAMS 0x0000000709000000| PB 0x0000000709000000| Untracked 
|  58|0x0000000709200000, 0x0000000709200000, 0x0000000709400000|  0%| F|  |TAMS 0x0000000709200000| PB 0x0000000709200000| Untracked 
|  59|0x0000000709400000, 0x0000000709400000, 0x0000000709600000|  0%| F|  |TAMS 0x0000000709400000| PB 0x0000000709400000| Untracked 
|  60|0x0000000709600000, 0x0000000709600000, 0x0000000709800000|  0%| F|  |TAMS 0x0000000709600000| PB 0x0000000709600000| Untracked 
|  61|0x0000000709800000, 0x0000000709800000, 0x0000000709a00000|  0%| F|  |TAMS 0x0000000709800000| PB 0x0000000709800000| Untracked 
|  62|0x0000000709a00000, 0x0000000709a00000, 0x0000000709c00000|  0%| F|  |TAMS 0x0000000709a00000| PB 0x0000000709a00000| Untracked 
|  63|0x0000000709c00000, 0x0000000709c00000, 0x0000000709e00000|  0%| F|  |TAMS 0x0000000709c00000| PB 0x0000000709c00000| Untracked 
|  64|0x0000000709e00000, 0x0000000709e00000, 0x000000070a000000|  0%| F|  |TAMS 0x0000000709e00000| PB 0x0000000709e00000| Untracked 
|  65|0x000000070a000000, 0x000000070a000000, 0x000000070a200000|  0%| F|  |TAMS 0x000000070a000000| PB 0x000000070a000000| Untracked 
|  66|0x000000070a200000, 0x000000070a200000, 0x000000070a400000|  0%| F|  |TAMS 0x000000070a200000| PB 0x000000070a200000| Untracked 
|  67|0x000000070a400000, 0x000000070a400000, 0x000000070a600000|  0%| F|  |TAMS 0x000000070a400000| PB 0x000000070a400000| Untracked 
|  68|0x000000070a600000, 0x000000070a600000, 0x000000070a800000|  0%| F|  |TAMS 0x000000070a600000| PB 0x000000070a600000| Untracked 
|  69|0x000000070a800000, 0x000000070a800000, 0x000000070aa00000|  0%| F|  |TAMS 0x000000070a800000| PB 0x000000070a800000| Untracked 
|  70|0x000000070aa00000, 0x000000070aa00000, 0x000000070ac00000|  0%| F|  |TAMS 0x000000070aa00000| PB 0x000000070aa00000| Untracked 
|  71|0x000000070ac00000, 0x000000070ac00000, 0x000000070ae00000|  0%| F|  |TAMS 0x000000070ac00000| PB 0x000000070ac00000| Untracked 
|  72|0x000000070ae00000, 0x000000070ae00000, 0x000000070b000000|  0%| F|  |TAMS 0x000000070ae00000| PB 0x000000070ae00000| Untracked 
|  73|0x000000070b000000, 0x000000070b000000, 0x000000070b200000|  0%| F|  |TAMS 0x000000070b000000| PB 0x000000070b000000| Untracked 
|  74|0x000000070b200000, 0x000000070b200000, 0x000000070b400000|  0%| F|  |TAMS 0x000000070b200000| PB 0x000000070b200000| Untracked 
|  75|0x000000070b400000, 0x000000070b400000, 0x000000070b600000|  0%| F|  |TAMS 0x000000070b400000| PB 0x000000070b400000| Untracked 
|  76|0x000000070b600000, 0x000000070b600000, 0x000000070b800000|  0%| F|  |TAMS 0x000000070b600000| PB 0x000000070b600000| Untracked 
|  77|0x000000070b800000, 0x000000070b800000, 0x000000070ba00000|  0%| F|  |TAMS 0x000000070b800000| PB 0x000000070b800000| Untracked 
|  78|0x000000070ba00000, 0x000000070ba00000, 0x000000070bc00000|  0%| F|  |TAMS 0x000000070ba00000| PB 0x000000070ba00000| Untracked 
|  79|0x000000070bc00000, 0x000000070bc00000, 0x000000070be00000|  0%| F|  |TAMS 0x000000070bc00000| PB 0x000000070bc00000| Untracked 
|  80|0x000000070be00000, 0x000000070be00000, 0x000000070c000000|  0%| F|  |TAMS 0x000000070be00000| PB 0x000000070be00000| Untracked 
|  81|0x000000070c000000, 0x000000070c000000, 0x000000070c200000|  0%| F|  |TAMS 0x000000070c000000| PB 0x000000070c000000| Untracked 
|  82|0x000000070c200000, 0x000000070c200000, 0x000000070c400000|  0%| F|  |TAMS 0x000000070c200000| PB 0x000000070c200000| Untracked 
|  83|0x000000070c400000, 0x000000070c400000, 0x000000070c600000|  0%| F|  |TAMS 0x000000070c400000| PB 0x000000070c400000| Untracked 
|  84|0x000000070c600000, 0x000000070c600000, 0x000000070c800000|  0%| F|  |TAMS 0x000000070c600000| PB 0x000000070c600000| Untracked 
|  85|0x000000070c800000, 0x000000070c800000, 0x000000070ca00000|  0%| F|  |TAMS 0x000000070c800000| PB 0x000000070c800000| Untracked 
|  86|0x000000070ca00000, 0x000000070ca00000, 0x000000070cc00000|  0%| F|  |TAMS 0x000000070ca00000| PB 0x000000070ca00000| Untracked 
|  87|0x000000070cc00000, 0x000000070cc00000, 0x000000070ce00000|  0%| F|  |TAMS 0x000000070cc00000| PB 0x000000070cc00000| Untracked 
|  88|0x000000070ce00000, 0x000000070ce00000, 0x000000070d000000|  0%| F|  |TAMS 0x000000070ce00000| PB 0x000000070ce00000| Untracked 
|  89|0x000000070d000000, 0x000000070d000000, 0x000000070d200000|  0%| F|  |TAMS 0x000000070d000000| PB 0x000000070d000000| Untracked 
|  90|0x000000070d200000, 0x000000070d200000, 0x000000070d400000|  0%| F|  |TAMS 0x000000070d200000| PB 0x000000070d200000| Untracked 
|  91|0x000000070d400000, 0x000000070d400000, 0x000000070d600000|  0%| F|  |TAMS 0x000000070d400000| PB 0x000000070d400000| Untracked 
|  92|0x000000070d600000, 0x000000070d600000, 0x000000070d800000|  0%| F|  |TAMS 0x000000070d600000| PB 0x000000070d600000| Untracked 
|  93|0x000000070d800000, 0x000000070d800000, 0x000000070da00000|  0%| F|  |TAMS 0x000000070d800000| PB 0x000000070d800000| Untracked 
|  94|0x000000070da00000, 0x000000070da00000, 0x000000070dc00000|  0%| F|  |TAMS 0x000000070da00000| PB 0x000000070da00000| Untracked 
|  95|0x000000070dc00000, 0x000000070dc00000, 0x000000070de00000|  0%| F|  |TAMS 0x000000070dc00000| PB 0x000000070dc00000| Untracked 
|  96|0x000000070de00000, 0x000000070de00000, 0x000000070e000000|  0%| F|  |TAMS 0x000000070de00000| PB 0x000000070de00000| Untracked 
|  97|0x000000070e000000, 0x000000070e000000, 0x000000070e200000|  0%| F|  |TAMS 0x000000070e000000| PB 0x000000070e000000| Untracked 
|  98|0x000000070e200000, 0x000000070e200000, 0x000000070e400000|  0%| F|  |TAMS 0x000000070e200000| PB 0x000000070e200000| Untracked 
|  99|0x000000070e400000, 0x000000070e400000, 0x000000070e600000|  0%| F|  |TAMS 0x000000070e400000| PB 0x000000070e400000| Untracked 
| 100|0x000000070e600000, 0x000000070e600000, 0x000000070e800000|  0%| F|  |TAMS 0x000000070e600000| PB 0x000000070e600000| Untracked 
| 101|0x000000070e800000, 0x000000070e800000, 0x000000070ea00000|  0%| F|  |TAMS 0x000000070e800000| PB 0x000000070e800000| Untracked 
| 102|0x000000070ea00000, 0x000000070ea18b30, 0x000000070ec00000|  4%| S|  |TAMS 0x000000070ea00000| PB 0x000000070ea00000| Complete 
| 103|0x000000070ec00000, 0x000000070ee00000, 0x000000070ee00000|100%| E|CS|TAMS 0x000000070ec00000| PB 0x000000070ec00000| Complete 
| 104|0x000000070ee00000, 0x000000070f000000, 0x000000070f000000|100%| E|CS|TAMS 0x000000070ee00000| PB 0x000000070ee00000| Complete 
| 105|0x000000070f000000, 0x000000070f200000, 0x000000070f200000|100%| E|CS|TAMS 0x000000070f000000| PB 0x000000070f000000| Complete 
| 106|0x000000070f200000, 0x000000070f400000, 0x000000070f400000|100%| S|  |TAMS 0x000000070f200000| PB 0x000000070f200000| Complete 
| 107|0x000000070f400000, 0x000000070f600000, 0x000000070f600000|100%| S|  |TAMS 0x000000070f400000| PB 0x000000070f400000| Complete 
| 108|0x000000070f600000, 0x000000070f800000, 0x000000070f800000|100%| S|  |TAMS 0x000000070f600000| PB 0x000000070f600000| Complete 
| 109|0x000000070f800000, 0x000000070fa00000, 0x000000070fa00000|100%| S|  |TAMS 0x000000070f800000| PB 0x000000070f800000| Complete 
| 110|0x000000070fa00000, 0x000000070fad76b0, 0x000000070fc00000| 42%| E|CS|TAMS 0x000000070fa00000| PB 0x000000070fa00000| Complete 
| 111|0x000000070fc00000, 0x000000070fe00000, 0x000000070fe00000|100%| E|CS|TAMS 0x000000070fc00000| PB 0x000000070fc00000| Complete 
| 112|0x000000070fe00000, 0x0000000710000000, 0x0000000710000000|100%| E|CS|TAMS 0x000000070fe00000| PB 0x000000070fe00000| Complete 
| 113|0x0000000710000000, 0x0000000710200000, 0x0000000710200000|100%| E|CS|TAMS 0x0000000710000000| PB 0x0000000710000000| Complete 
| 114|0x0000000710200000, 0x0000000710400000, 0x0000000710400000|100%| E|CS|TAMS 0x0000000710200000| PB 0x0000000710200000| Complete 
| 115|0x0000000710400000, 0x0000000710600000, 0x0000000710600000|100%| E|CS|TAMS 0x0000000710400000| PB 0x0000000710400000| Complete 
| 116|0x0000000710600000, 0x0000000710800000, 0x0000000710800000|100%| E|CS|TAMS 0x0000000710600000| PB 0x0000000710600000| Complete 
| 117|0x0000000710800000, 0x0000000710a00000, 0x0000000710a00000|100%| E|CS|TAMS 0x0000000710800000| PB 0x0000000710800000| Complete 
| 118|0x0000000710a00000, 0x0000000710c00000, 0x0000000710c00000|100%| E|CS|TAMS 0x0000000710a00000| PB 0x0000000710a00000| Complete 
| 119|0x0000000710c00000, 0x0000000710e00000, 0x0000000710e00000|100%| E|CS|TAMS 0x0000000710c00000| PB 0x0000000710c00000| Complete 
| 120|0x0000000710e00000, 0x0000000711000000, 0x0000000711000000|100%| E|CS|TAMS 0x0000000710e00000| PB 0x0000000710e00000| Complete 
| 121|0x0000000711000000, 0x0000000711200000, 0x0000000711200000|100%| E|CS|TAMS 0x0000000711000000| PB 0x0000000711000000| Complete 
| 122|0x0000000711200000, 0x0000000711400000, 0x0000000711400000|100%| E|CS|TAMS 0x0000000711200000| PB 0x0000000711200000| Complete 
| 123|0x0000000711400000, 0x0000000711600000, 0x0000000711600000|100%| E|CS|TAMS 0x0000000711400000| PB 0x0000000711400000| Complete 
| 124|0x0000000711600000, 0x0000000711800000, 0x0000000711800000|100%| E|CS|TAMS 0x0000000711600000| PB 0x0000000711600000| Complete 
| 125|0x0000000711800000, 0x0000000711a00000, 0x0000000711a00000|100%| E|CS|TAMS 0x0000000711800000| PB 0x0000000711800000| Complete 
| 126|0x0000000711a00000, 0x0000000711c00000, 0x0000000711c00000|100%| E|CS|TAMS 0x0000000711a00000| PB 0x0000000711a00000| Complete 
| 127|0x0000000711c00000, 0x0000000711e00000, 0x0000000711e00000|100%| E|CS|TAMS 0x0000000711c00000| PB 0x0000000711c00000| Complete 

Card table byte_map: [0x000001bf40cf0000,0x000001bf414f0000] _byte_map_base: 0x000001bf3d4e1000

Marking Bits: (CMBitMap*) 0x000001bf28b477e0
 Bits: [0x000001bf414f0000, 0x000001bf45478000)

Polling page: 0x000001bf282a0000

Metaspace:

Usage:
  Non-class:     18.04 MB used.
      Class:      2.61 MB used.
       Both:     20.65 MB used.

Virtual space:
  Non-class space:       64.00 MB reserved,      18.19 MB ( 28%) committed,  1 nodes.
      Class space:        1.00 GB reserved,       2.81 MB ( <1%) committed,  1 nodes.
             Both:        1.06 GB reserved,      21.00 MB (  2%) committed. 

Chunk freelists:
   Non-Class:  13.69 MB
       Class:  13.11 MB
        Both:  26.80 MB

MaxMetaspaceSize: unlimited
CompressedClassSpaceSize: 1.00 GB
Initial GC threshold: 21.00 MB
Current GC threshold: 21.00 MB
CDS: on
 - commit_granule_bytes: 65536.
 - commit_granule_words: 8192.
 - virtual_space_node_default_size: 8388608.
 - enlarge_chunks_in_place: 1.
 - use_allocation_guard: 0.


Internal statistics:

num_allocs_failed_limit: 3.
num_arena_births: 432.
num_arena_deaths: 0.
num_vsnodes_births: 2.
num_vsnodes_deaths: 0.
num_space_committed: 336.
num_space_uncommitted: 0.
num_chunks_returned_to_freelist: 3.
num_chunks_taken_from_freelist: 1060.
num_chunk_merges: 0.
num_chunk_splits: 723.
num_chunks_enlarged: 515.
num_inconsistent_stats: 0.

CodeHeap 'non-profiled nmethods': size=120000Kb used=1156Kb max_used=1156Kb free=118843Kb
 bounds [0x000001bf38c80000, 0x000001bf38ef0000, 0x000001bf401b0000]
CodeHeap 'profiled nmethods': size=120000Kb used=5020Kb max_used=5020Kb free=114979Kb
 bounds [0x000001bf311b0000, 0x000001bf316a0000, 0x000001bf386e0000]
CodeHeap 'non-nmethods': size=5760Kb used=1882Kb max_used=1904Kb free=3877Kb
 bounds [0x000001bf386e0000, 0x000001bf38950000, 0x000001bf38c80000]
 total_blobs=3684 nmethods=2804 adapters=784
 compilation: enabled
              stopped_count=0, restarted_count=0
 full_count=0

Compilation events (20 events):
Event: 10.070 Thread 0x000001bf47edcd40 2795       4       java.nio.Buffer::limit (65 bytes)
Event: 10.071 Thread 0x000001bf47edcd40 nmethod 2795 0x000001bf38da0790 code [0x000001bf38da0920, 0x000001bf38da0a38]
Event: 10.099 Thread 0x000001bf47ed9ad0 2797       3       com.sun.javafx.event.CompositeEventDispatcher::dispatchCapturingEvent (35 bytes)
Event: 10.100 Thread 0x000001bf47ed9ad0 nmethod 2797 0x000001bf31694a90 code [0x000001bf31694c60, 0x000001bf316950c8]
Event: 10.100 Thread 0x000001bf47ed9ad0 2796       3       com.sun.javafx.event.BasicEventDispatcher::dispatchEvent (44 bytes)
Event: 10.100 Thread 0x000001bf47ed9ad0 nmethod 2796 0x000001bf31695210 code [0x000001bf31695400, 0x000001bf31695998]
Event: 10.100 Thread 0x000001bf47ed9ad0 2798       1       com.sun.javafx.tk.quantum.WindowStage::setInAllowedEventHandler (6 bytes)
Event: 10.100 Thread 0x000001bf47ed9ad0 nmethod 2798 0x000001bf38da0b10 code [0x000001bf38da0ca0, 0x000001bf38da0d70]
Event: 10.233 Thread 0x000001bf47ed9ad0 2799       3       java.util.ArrayDeque::isEmpty (17 bytes)
Event: 10.233 Thread 0x000001bf47ed9ad0 nmethod 2799 0x000001bf31695b10 code [0x000001bf31695ca0, 0x000001bf31695e10]
Event: 10.378 Thread 0x000001bf47ed9ad0 2800       3       java.lang.StackFrameInfo::getClassName (8 bytes)
Event: 10.378 Thread 0x000001bf47ed9ad0 nmethod 2800 0x000001bf31695e90 code [0x000001bf31696060, 0x000001bf316964c0]
Event: 10.378 Thread 0x000001bf47ed9ad0 2801       1       java.util.Formatter$FixedString::index (3 bytes)
Event: 10.378 Thread 0x000001bf47ed9ad0 nmethod 2801 0x000001bf38da0e10 code [0x000001bf38da0fa0, 0x000001bf38da1068]
Event: 10.378 Thread 0x000001bf47ed9ad0 2802       3       java.util.stream.Sink$ChainedReference::cancellationRequested (10 bytes)
Event: 10.379 Thread 0x000001bf47ed9ad0 nmethod 2802 0x000001bf31696690 code [0x000001bf31696840, 0x000001bf31696a20]
Event: 10.380 Thread 0x000001bf47ed9ad0 2803       3       java.nio.CharBuffer::position (8 bytes)
Event: 10.381 Thread 0x000001bf47ed9ad0 nmethod 2803 0x000001bf31696b10 code [0x000001bf31696cc0, 0x000001bf31696e10]
Event: 10.381 Thread 0x000001bf47ed9ad0 2804       3       java.nio.CharBuffer::position (6 bytes)
Event: 10.381 Thread 0x000001bf47ed9ad0 nmethod 2804 0x000001bf31696e90 code [0x000001bf31697040, 0x000001bf316971f8]

GC Heap History (5 events):
Event: 1.334 GC heap before
{Heap before GC invocations=0 (full 0):
 garbage-first heap   total 262144K, used 20480K [0x0000000701e00000, 0x0000000800000000)
  region size 2048K, 11 young (22528K), 0 survivors (0K)
 Metaspace       used 3660K, committed 3840K, reserved 1114112K
  class space    used 375K, committed 448K, reserved 1048576K
}
Event: 1.339 GC heap after
{Heap after GC invocations=1 (full 0):
 garbage-first heap   total 262144K, used 2175K [0x0000000701e00000, 0x0000000800000000)
  region size 2048K, 2 young (4096K), 2 survivors (4096K)
 Metaspace       used 3660K, committed 3840K, reserved 1114112K
  class space    used 375K, committed 448K, reserved 1048576K
}
Event: 2.845 GC heap before
{Heap before GC invocations=1 (full 0):
 garbage-first heap   total 262144K, used 41087K [0x0000000701e00000, 0x0000000800000000)
  region size 2048K, 22 young (45056K), 2 survivors (4096K)
 Metaspace       used 12887K, committed 13248K, reserved 1114112K
  class space    used 1865K, committed 2048K, reserved 1048576K
}
Event: 2.854 GC heap after
{Heap after GC invocations=2 (full 0):
 garbage-first heap   total 262144K, used 6730K [0x0000000701e00000, 0x0000000800000000)
  region size 2048K, 3 young (6144K), 3 survivors (6144K)
 Metaspace       used 12887K, committed 13248K, reserved 1114112K
  class space    used 1865K, committed 2048K, reserved 1048576K
}
Event: 10.382 GC heap before
{Heap before GC invocations=2 (full 0):
 garbage-first heap   total 262144K, used 41546K [0x0000000701e00000, 0x0000000800000000)
  region size 2048K, 21 young (43008K), 3 survivors (6144K)
 Metaspace       used 21148K, committed 21504K, reserved 1114112K
  class space    used 2676K, committed 2880K, reserved 1048576K
}

Dll operation events (20 events):
Event: 0.888 Loaded shared library C:\Users\Kinsl\.openjfx\cache\21+31\amd64\api-ms-win-crt-multibyte-l1-1-0.dll
Event: 0.895 Loaded shared library C:\Users\Kinsl\.openjfx\cache\21+31\amd64\api-ms-win-crt-private-l1-1-0.dll
Event: 0.902 Loaded shared library C:\Users\Kinsl\.openjfx\cache\21+31\amd64\api-ms-win-crt-process-l1-1-0.dll
Event: 0.907 Loaded shared library C:\Users\Kinsl\.openjfx\cache\21+31\amd64\api-ms-win-crt-runtime-l1-1-0.dll
Event: 0.913 Loaded shared library C:\Users\Kinsl\.openjfx\cache\21+31\amd64\api-ms-win-crt-stdio-l1-1-0.dll
Event: 0.919 Loaded shared library C:\Users\Kinsl\.openjfx\cache\21+31\amd64\api-ms-win-crt-string-l1-1-0.dll
Event: 0.926 Loaded shared library C:\Users\Kinsl\.openjfx\cache\21+31\amd64\api-ms-win-crt-time-l1-1-0.dll
Event: 0.932 Loaded shared library C:\Users\Kinsl\.openjfx\cache\21+31\amd64\api-ms-win-crt-utility-l1-1-0.dll
Event: 0.959 Loaded shared library C:\Users\Kinsl\.openjfx\cache\21+31\amd64\ucrtbase.dll
Event: 0.967 Loaded shared library C:\Users\Kinsl\.openjfx\cache\21+31\amd64\vcruntime140.dll
Event: 0.973 Loaded shared library C:\Users\Kinsl\.openjfx\cache\21+31\amd64\vcruntime140_1.dll
Event: 0.992 Loaded shared library C:\Users\Kinsl\.openjfx\cache\21+31\amd64\msvcp140.dll
Event: 0.998 Loaded shared library C:\Users\Kinsl\.openjfx\cache\21+31\amd64\msvcp140_1.dll
Event: 1.008 Loaded shared library C:\Users\Kinsl\.openjfx\cache\21+31\amd64\msvcp140_2.dll
Event: 1.132 Loaded shared library C:\Users\Kinsl\.openjfx\cache\21+31\amd64\prism_d3d.dll
Event: 1.254 Loaded shared library C:\Users\Kinsl\.openjfx\cache\21+31\amd64\glass.dll
Event: 1.415 Loaded shared library C:\Users\Kinsl\.jdks\liberica-21.0.1-1\bin\jimage.dll
Event: 1.850 Loaded shared library C:\Users\Kinsl\.openjfx\cache\21+31\amd64\javafx_font.dll
Event: 4.579 Loaded shared library C:\Users\Kinsl\.jdks\liberica-21.0.1-1\bin\sunmscapi.dll
Event: 10.221 Loaded shared library C:\Users\Kinsl\AppData\Local\Temp\webrtc-java11634772283896843839.dll

Deoptimization events (20 events):
Event: 4.957 Thread 0x000001bf8da7af60 DEOPT PACKING pc=0x000001bf38d07028 sp=0x0000005cd79fd180
Event: 4.957 Thread 0x000001bf8da7af60 DEOPT UNPACKING pc=0x000001bf387346a2 sp=0x0000005cd79fd140 mode 2
Event: 4.957 Thread 0x000001bf8da7af60 Uncommon trap: trap_request=0xffffff45 fr.pc=0x000001bf38d4cb30 relative=0x0000000000000090
Event: 4.957 Thread 0x000001bf8da7af60 Uncommon trap: reason=unstable_if action=reinterpret pc=0x000001bf38d4cb30 method=jdk.internal.misc.Unsafe.convEndian(ZC)C @ 4 c2
Event: 4.957 Thread 0x000001bf8da7af60 DEOPT PACKING pc=0x000001bf38d4cb30 sp=0x0000005cd79fd2e0
Event: 4.957 Thread 0x000001bf8da7af60 DEOPT UNPACKING pc=0x000001bf387346a2 sp=0x0000005cd79fd210 mode 2
Event: 5.517 Thread 0x000001bf92de76f0 Uncommon trap: trap_request=0xffffffcc fr.pc=0x000001bf38d8bbc4 relative=0x0000000000000384
Event: 5.517 Thread 0x000001bf92de76f0 Uncommon trap: reason=intrinsic_or_type_checked_inlining action=make_not_entrant pc=0x000001bf38d8bbc4 method=java.util.Arrays.copyOf([Ljava/lang/Object;ILjava/lang/Class;)[Ljava/lang/Object; @ 35 c2
Event: 5.517 Thread 0x000001bf92de76f0 DEOPT PACKING pc=0x000001bf38d8bbc4 sp=0x0000005cd8dfe330
Event: 5.517 Thread 0x000001bf92de76f0 DEOPT UNPACKING pc=0x000001bf387346a2 sp=0x0000005cd8dfe2d8 mode 2
Event: 5.518 Thread 0x000001bf92de76f0 Uncommon trap: trap_request=0xffffff45 fr.pc=0x000001bf38cf6b90 relative=0x0000000000000070
Event: 5.518 Thread 0x000001bf92de76f0 Uncommon trap: reason=unstable_if action=reinterpret pc=0x000001bf38cf6b90 method=jdk.internal.misc.Blocker.begin()J @ 14 c2
Event: 5.518 Thread 0x000001bf92de76f0 DEOPT PACKING pc=0x000001bf38cf6b90 sp=0x0000005cd8dfded0
Event: 5.518 Thread 0x000001bf92de76f0 DEOPT UNPACKING pc=0x000001bf387346a2 sp=0x0000005cd8dfde28 mode 2
Event: 5.518 Thread 0x000001bf92de76f0 Uncommon trap: trap_request=0xffffff45 fr.pc=0x000001bf38cf687c relative=0x000000000000005c
Event: 5.519 Thread 0x000001bf92de76f0 Uncommon trap: reason=unstable_if action=reinterpret pc=0x000001bf38cf687c method=jdk.internal.misc.Blocker.end(J)V @ 3 c2
Event: 5.519 Thread 0x000001bf92de76f0 DEOPT PACKING pc=0x000001bf38cf687c sp=0x0000005cd8dfdeb0
Event: 5.519 Thread 0x000001bf92de76f0 DEOPT UNPACKING pc=0x000001bf387346a2 sp=0x0000005cd8dfde40 mode 2
Event: 8.672 Thread 0x000001bf8da7af60 DEOPT PACKING pc=0x000001bf315f89e7 sp=0x0000005cd79fcd60
Event: 8.672 Thread 0x000001bf8da7af60 DEOPT UNPACKING pc=0x000001bf38734e42 sp=0x0000005cd79fc1d0 mode 0

Classes loaded (20 events):
Event: 6.610 Loading class java/util/EnumMap$ValueIterator done
Event: 8.660 Loading class java/io/UnsupportedEncodingException
Event: 8.660 Loading class java/io/UnsupportedEncodingException done
Event: 9.837 Loading class java/nio/file/TempFileHelper
Event: 9.838 Loading class java/nio/file/TempFileHelper done
Event: 9.839 Loading class sun/nio/fs/WindowsChannelFactory$2
Event: 9.839 Loading class sun/nio/fs/WindowsChannelFactory$2 done
Event: 9.841 Loading class java/nio/file/StandardCopyOption
Event: 9.841 Loading class java/nio/file/StandardCopyOption done
Event: 9.843 Loading class sun/nio/ch/ChannelOutputStream
Event: 9.843 Loading class sun/nio/ch/ChannelOutputStream done
Event: 10.234 Loading class java/io/DeleteOnExitHook
Event: 10.234 Loading class java/io/DeleteOnExitHook done
Event: 10.234 Loading class java/io/DeleteOnExitHook$1
Event: 10.234 Loading class java/io/DeleteOnExitHook$1 done
Event: 10.380 Loading class java/lang/Throwable$WrappedPrintStream
Event: 10.380 Loading class java/lang/Throwable$PrintStreamOrWriter
Event: 10.380 Loading class java/lang/Throwable$PrintStreamOrWriter done
Event: 10.380 Loading class java/lang/Throwable$WrappedPrintStream done
Event: 10.382 Loading class java/io/PrintWriter

Classes unloaded (0 events):
No events

Classes redefined (0 events):
No events

Internal exceptions (20 events):
Event: 2.281 Thread 0x000001bf8da7af60 Exception <a 'java/lang/NoSuchMethodError'{0x000000070fe3ba80}: 'java.lang.Object java.lang.invoke.Invokers$Holder.linkToTargetMethod(java.lang.Object, java.lang.Object, int, java.lang.Object)'> (0x000000070fe3ba80) 
thrown [s\src\hotspot\share\interpreter\linkResolver.cpp, line 773]
Event: 2.286 Thread 0x000001bf8da7af60 Exception <a 'java/lang/NoSuchMethodError'{0x000000070fe45f60}: 'java.lang.Object java.lang.invoke.DirectMethodHandle$Holder.invokeStaticInit(java.lang.Object, int, int, int, int)'> (0x000000070fe45f60) 
thrown [s\src\hotspot\share\interpreter\linkResolver.cpp, line 773]
Event: 2.331 Thread 0x000001bf8da7af60 Exception <a 'java/lang/NoSuchMethodError'{0x000000070ff03a68}: 'java.lang.Object java.lang.invoke.DirectMethodHandle$Holder.invokeStaticInit(java.lang.Object, java.lang.Object, int, int, int, int)'> (0x000000070ff03a68) 
thrown [s\src\hotspot\share\interpreter\linkResolver.cpp, line 773]
Event: 2.345 Thread 0x000001bf8da7af60 Exception <a 'java/lang/NoSuchMethodError'{0x000000070ff3c230}: 'java.lang.Object java.lang.invoke.Invokers$Holder.linkToTargetMethod(java.lang.Object, long, java.lang.Object)'> (0x000000070ff3c230) 
thrown [s\src\hotspot\share\interpreter\linkResolver.cpp, line 773]
Event: 2.361 Thread 0x000001bf8da7af60 Exception <a 'java/lang/ClassNotFoundException'{0x000000070ff4edc0}: sun/util/logging/resources/spi/loggingProvider> (0x000000070ff4edc0) 
thrown [s\src\hotspot\share\classfile\systemDictionary.cpp, line 312]
Event: 2.396 Thread 0x000001bf8da7af60 Implicit null exception at 0x000001bf38c9e1a9 to 0x000001bf38c9e4e9
Event: 2.429 Thread 0x000001bf8da7af60 Implicit null exception at 0x000001bf38cf88c0 to 0x000001bf38cf8b84
Event: 2.431 Thread 0x000001bf8da7af60 Implicit null exception at 0x000001bf38cbb1c0 to 0x000001bf38cbb48c
Event: 2.433 Thread 0x000001bf8da7af60 Implicit null exception at 0x000001bf38caffc0 to 0x000001bf38cb0045
Event: 2.706 Thread 0x000001bf8da7af60 Exception <a 'java/lang/IncompatibleClassChangeError'{0x000000070f4a7e88}: Found class java.lang.Object, but interface was expected> (0x000000070f4a7e88) 
thrown [s\src\hotspot\share\interpreter\linkResolver.cpp, line 840]
Event: 2.921 Thread 0x000001bf8da7af60 Exception <a 'java/lang/NoSuchMethodError'{0x0000000711db5100}: 'int java.lang.invoke.DirectMethodHandle$Holder.invokeSpecial(java.lang.Object, java.lang.Object, int)'> (0x0000000711db5100) 
thrown [s\src\hotspot\share\interpreter\linkResolver.cpp, line 773]
Event: 2.958 Thread 0x000001bf8da7af60 Exception <a 'java/lang/NoSuchMethodError'{0x0000000711a594d8}: 'java.lang.Object java.lang.invoke.DirectMethodHandle$Holder.newInvokeSpecial(java.lang.Object, java.lang.Object, int)'> (0x0000000711a594d8) 
thrown [s\src\hotspot\share\interpreter\linkResolver.cpp, line 773]
Event: 3.051 Thread 0x000001bf8d6f5410 Exception <a 'java/lang/NoSuchMethodError'{0x000000071180d8c0}: 'int java.lang.invoke.DirectMethodHandle$Holder.invokeStaticInit(java.lang.Object, java.lang.Object)'> (0x000000071180d8c0) 
thrown [s\src\hotspot\share\interpreter\linkResolver.cpp, line 773]
Event: 4.509 Thread 0x000001bf8da7af60 Exception <a 'java/lang/NoSuchMethodError'{0x0000000710f80a10}: 'java.lang.Object java.lang.invoke.DirectMethodHandle$Holder.invokeStatic(java.lang.Object, java.lang.Object, int, java.lang.Object)'> (0x0000000710f80a10) 
thrown [s\src\hotspot\share\interpreter\linkResolver.cpp, line 773]
Event: 4.792 Thread 0x000001bf8da7af60 Exception <a 'sun/nio/fs/WindowsException'{0x0000000710523d70}> (0x0000000710523d70) 
thrown [s\src\hotspot\share\prims\jni.cpp, line 520]
Event: 5.036 Thread 0x000001bf92de9e50 Exception <a 'java/lang/ClassNotFoundException'{0x0000000710179c40}: jdk/net/ExtendedSocketOptions> (0x0000000710179c40) 
thrown [s\src\hotspot\share\classfile\systemDictionary.cpp, line 312]
Event: 5.510 Thread 0x000001bf92de9e50 Exception <a 'java/lang/NoSuchMethodError'{0x000000070ff89790}: 'void java.lang.invoke.DirectMethodHandle$Holder.invokeStaticInit(java.lang.Object, java.lang.Object, java.lang.Object)'> (0x000000070ff89790) 
thrown [s\src\hotspot\share\interpreter\linkResolver.cpp, line 773]
Event: 8.688 Thread 0x000001bf8da7af60 Exception <a 'java/lang/NoSuchMethodError'{0x000000070fd55cf8}: 'long java.lang.invoke.DirectMethodHandle$Holder.invokeStatic(java.lang.Object, java.lang.Object, java.lang.Object)'> (0x000000070fd55cf8) 
thrown [s\src\hotspot\share\interpreter\linkResolver.cpp, line 773]
Event: 8.689 Thread 0x000001bf8da7af60 Exception <a 'java/lang/NoSuchMethodError'{0x000000070fd590c8}: 'long java.lang.invoke.DirectMethodHandle$Holder.invokeStaticInit(java.lang.Object, java.lang.Object, java.lang.Object)'> (0x000000070fd590c8) 
thrown [s\src\hotspot\share\interpreter\linkResolver.cpp, line 773]
Event: 8.692 Thread 0x000001bf8da7af60 Exception <a 'java/lang/NoSuchMethodError'{0x000000070fd6d5c8}: 'java.lang.Object java.lang.invoke.DirectMethodHandle$Holder.newInvokeSpecial(java.lang.Object, java.lang.Object, long)'> (0x000000070fd6d5c8) 
thrown [s\src\hotspot\share\interpreter\linkResolver.cpp, line 773]

ZGC Phase Switch (0 events):
No events

VM Operations (20 events):
Event: 4.388 Executing VM operation: HandshakeAllThreads (Deoptimize) done
Event: 4.629 Executing VM operation: HandshakeAllThreads (Deoptimize)
Event: 4.629 Executing VM operation: HandshakeAllThreads (Deoptimize) done
Event: 4.794 Executing VM operation: HandshakeAllThreads (Deoptimize)
Event: 4.794 Executing VM operation: HandshakeAllThreads (Deoptimize) done
Event: 4.834 Executing VM operation: HandshakeAllThreads (Deoptimize)
Event: 4.834 Executing VM operation: HandshakeAllThreads (Deoptimize) done
Event: 4.918 Executing VM operation: HandshakeAllThreads (Deoptimize)
Event: 4.918 Executing VM operation: HandshakeAllThreads (Deoptimize) done
Event: 4.975 Executing VM operation: HandshakeAllThreads (Deoptimize)
Event: 4.975 Executing VM operation: HandshakeAllThreads (Deoptimize) done
Event: 5.975 Executing VM operation: Cleanup
Event: 5.975 Executing VM operation: Cleanup done
Event: 7.977 Executing VM operation: Cleanup
Event: 7.977 Executing VM operation: Cleanup done
Event: 8.977 Executing VM operation: Cleanup
Event: 8.977 Executing VM operation: Cleanup done
Event: 9.977 Executing VM operation: Cleanup
Event: 9.977 Executing VM operation: Cleanup done
Event: 10.382 Executing VM operation: CollectForMetadataAllocation (Metadata GC Threshold)

Events (20 events):
Event: 1.262 Thread 0x000001bf8da7af60 Thread added: 0x000001bf8da7af60
Event: 1.389 Thread 0x000001bf923fe730 Thread added: 0x000001bf923fe730
Event: 1.439 Thread 0x000001bf92429010 Thread added: 0x000001bf92429010
Event: 1.604 Thread 0x000001bf9258bbb0 Thread added: 0x000001bf9258bbb0
Event: 2.228 Thread 0x000001bf92800f60 Thread added: 0x000001bf92800f60
Event: 2.374 Thread 0x000001bf9267cf80 Thread added: 0x000001bf9267cf80
Event: 2.605 Thread 0x000001bf92800f60 Thread exited: 0x000001bf92800f60
Event: 2.691 Thread 0x000001bf92dea4e0 Thread added: 0x000001bf92dea4e0
Event: 3.019 Thread 0x000001bf9258bbb0 Thread exited: 0x000001bf9258bbb0
Event: 3.147 Thread 0x000001bf92de8aa0 Thread added: 0x000001bf92de8aa0
Event: 4.712 Thread 0x000001bf93105a50 Thread added: 0x000001bf93105a50
Event: 4.996 Thread 0x000001bf92de9e50 Thread added: 0x000001bf92de9e50
Event: 5.050 Thread 0x000001bf92de8410 Thread added: 0x000001bf92de8410
Event: 5.056 Thread 0x000001bf92de97c0 Thread added: 0x000001bf92de97c0
Event: 5.095 Thread 0x000001bf93105a50 Thread exited: 0x000001bf93105a50
Event: 5.100 Thread 0x000001bf9267cf80 Thread exited: 0x000001bf9267cf80
Event: 5.112 Thread 0x000001bf92de7060 Thread added: 0x000001bf92de7060
Event: 5.516 Thread 0x000001bf92de76f0 Thread added: 0x000001bf92de76f0
Event: 5.518 Thread 0x000001bf92de7d80 Thread added: 0x000001bf92de7d80
Event: 5.520 Thread 0x000001bf9312d740 Thread added: 0x000001bf9312d740


Dynamic libraries:
0x00007ff71ae70000 - 0x00007ff71ae7e000 	C:\Users\Kinsl\.jdks\liberica-21.0.1-1\bin\java.exe
0x00007ffcf7670000 - 0x00007ffcf7887000 	C:\Windows\SYSTEM32\ntdll.dll
0x00007ffcf6500000 - 0x00007ffcf65c4000 	C:\Windows\System32\KERNEL32.DLL
0x00007ffcf4bd0000 - 0x00007ffcf4f76000 	C:\Windows\System32\KERNELBASE.dll
0x00007ffcf52a0000 - 0x00007ffcf53b1000 	C:\Windows\System32\ucrtbase.dll
0x00007ffcd4f30000 - 0x00007ffcd4f4b000 	C:\Users\Kinsl\.jdks\liberica-21.0.1-1\bin\VCRUNTIME140.dll
0x00007ffccbcc0000 - 0x00007ffccbcd8000 	C:\Users\Kinsl\.jdks\liberica-21.0.1-1\bin\jli.dll
0x00007ffcf6990000 - 0x00007ffcf6b3e000 	C:\Windows\System32\USER32.dll
0x00007ffcd9d10000 - 0x00007ffcd9fa3000 	C:\Windows\WinSxS\amd64_microsoft.windows.common-controls_6595b64144ccf1df_6.0.22621.2506_none_270c5ae97388e100\COMCTL32.dll
0x00007ffcf4b70000 - 0x00007ffcf4b96000 	C:\Windows\System32\win32u.dll
0x00007ffcf65e0000 - 0x00007ffcf6687000 	C:\Windows\System32\msvcrt.dll
0x00007ffcf6210000 - 0x00007ffcf6239000 	C:\Windows\System32\GDI32.dll
0x00007ffcf49b0000 - 0x00007ffcf4ac8000 	C:\Windows\System32\gdi32full.dll
0x00007ffcf4ad0000 - 0x00007ffcf4b6a000 	C:\Windows\System32\msvcp_win.dll
0x00007ffcf5c20000 - 0x00007ffcf5c51000 	C:\Windows\System32\IMM32.DLL
0x00007ffccbcb0000 - 0x00007ffccbcbc000 	C:\Users\Kinsl\.jdks\liberica-21.0.1-1\bin\vcruntime140_1.dll
0x00007ffc7c740000 - 0x00007ffc7c7ce000 	C:\Users\Kinsl\.jdks\liberica-21.0.1-1\bin\msvcp140.dll
0x00007ffc53390000 - 0x00007ffc5412d000 	C:\Users\Kinsl\.jdks\liberica-21.0.1-1\bin\server\jvm.dll
0x00007ffcf6870000 - 0x00007ffcf6923000 	C:\Windows\System32\ADVAPI32.dll
0x00007ffcf7580000 - 0x00007ffcf7628000 	C:\Windows\System32\sechost.dll
0x00007ffcf4ba0000 - 0x00007ffcf4bc8000 	C:\Windows\System32\bcrypt.dll
0x00007ffcf6c70000 - 0x00007ffcf6d87000 	C:\Windows\System32\RPCRT4.dll
0x00007ffcf6340000 - 0x00007ffcf63b1000 	C:\Windows\System32\WS2_32.dll
0x00007ffcf37f0000 - 0x00007ffcf383d000 	C:\Windows\SYSTEM32\POWRPROF.dll
0x00007ffced4f0000 - 0x00007ffced524000 	C:\Windows\SYSTEM32\WINMM.dll
0x00007ffcf1f40000 - 0x00007ffcf1f4a000 	C:\Windows\SYSTEM32\VERSION.dll
0x00007ffcf37d0000 - 0x00007ffcf37e3000 	C:\Windows\SYSTEM32\UMPDC.dll
0x00007ffcf3a90000 - 0x00007ffcf3aa8000 	C:\Windows\SYSTEM32\kernel.appcore.dll
0x00007ffccbca0000 - 0x00007ffccbcaa000 	C:\Users\Kinsl\.jdks\liberica-21.0.1-1\bin\jimage.dll
0x00007ffcee7c0000 - 0x00007ffcee9f3000 	C:\Windows\SYSTEM32\DBGHELP.DLL
0x00007ffcf5e80000 - 0x00007ffcf6209000 	C:\Windows\System32\combase.dll
0x00007ffcf63c0000 - 0x00007ffcf6497000 	C:\Windows\System32\OLEAUT32.dll
0x00007ffcea220000 - 0x00007ffcea252000 	C:\Windows\SYSTEM32\dbgcore.DLL
0x00007ffcf4ff0000 - 0x00007ffcf506a000 	C:\Windows\System32\bcryptPrimitives.dll
0x00007ffcc7740000 - 0x00007ffcc775f000 	C:\Users\Kinsl\.jdks\liberica-21.0.1-1\bin\java.dll
0x00007ffcf53c0000 - 0x00007ffcf5c1a000 	C:\Windows\System32\SHELL32.dll
0x00007ffcf2890000 - 0x00007ffcf3186000 	C:\Windows\SYSTEM32\windows.storage.dll
0x00007ffcf2750000 - 0x00007ffcf288e000 	C:\Windows\SYSTEM32\wintypes.dll
0x00007ffcf6240000 - 0x00007ffcf6333000 	C:\Windows\System32\SHCORE.dll
0x00007ffcf6930000 - 0x00007ffcf698e000 	C:\Windows\System32\shlwapi.dll
0x00007ffcf48e0000 - 0x00007ffcf4906000 	C:\Windows\SYSTEM32\profapi.dll
0x00007ffc69750000 - 0x00007ffc69827000 	C:\Users\Kinsl\.jdks\liberica-21.0.1-1\bin\jsvml.dll
0x00007ffcc7730000 - 0x00007ffcc7740000 	C:\Users\Kinsl\.jdks\liberica-21.0.1-1\bin\net.dll
0x00007ffcf1e00000 - 0x00007ffcf1f37000 	C:\Windows\SYSTEM32\WINHTTP.dll
0x00007ffcf3f00000 - 0x00007ffcf3f69000 	C:\Windows\system32\mswsock.dll
0x00007ffc84440000 - 0x00007ffc84456000 	C:\Users\Kinsl\.jdks\liberica-21.0.1-1\bin\nio.dll
0x00007ffc84420000 - 0x00007ffc84438000 	C:\Users\Kinsl\.jdks\liberica-21.0.1-1\bin\zip.dll
0x000001bf8dc00000 - 0x000001bf8dc03000 	C:\Users\Kinsl\.openjfx\cache\21+31\amd64\api-ms-win-core-console-l1-1-0.dll
0x000001bf8dc10000 - 0x000001bf8dc13000 	C:\Users\Kinsl\.openjfx\cache\21+31\amd64\api-ms-win-core-console-l1-2-0.dll
0x000001bf8dc20000 - 0x000001bf8dc23000 	C:\Users\Kinsl\.openjfx\cache\21+31\amd64\api-ms-win-core-datetime-l1-1-0.dll
0x000001bf8dc30000 - 0x000001bf8dc33000 	C:\Users\Kinsl\.openjfx\cache\21+31\amd64\api-ms-win-core-debug-l1-1-0.dll
0x000001bf8dc40000 - 0x000001bf8dc43000 	C:\Users\Kinsl\.openjfx\cache\21+31\amd64\api-ms-win-core-errorhandling-l1-1-0.dll
0x000001bf8dc50000 - 0x000001bf8dc54000 	C:\Users\Kinsl\.openjfx\cache\21+31\amd64\api-ms-win-core-file-l1-1-0.dll
0x000001bf8dc60000 - 0x000001bf8dc63000 	C:\Users\Kinsl\.openjfx\cache\21+31\amd64\api-ms-win-core-file-l1-2-0.dll
0x000001bf8dc70000 - 0x000001bf8dc73000 	C:\Users\Kinsl\.openjfx\cache\21+31\amd64\api-ms-win-core-file-l2-1-0.dll
0x000001bf8dc80000 - 0x000001bf8dc83000 	C:\Users\Kinsl\.openjfx\cache\21+31\amd64\api-ms-win-core-handle-l1-1-0.dll
0x000001bf8dc90000 - 0x000001bf8dc93000 	C:\Users\Kinsl\.openjfx\cache\21+31\amd64\api-ms-win-core-heap-l1-1-0.dll
0x000001bf8dca0000 - 0x000001bf8dca3000 	C:\Users\Kinsl\.openjfx\cache\21+31\amd64\api-ms-win-core-interlocked-l1-1-0.dll
0x000001bf8dcb0000 - 0x000001bf8dcb3000 	C:\Users\Kinsl\.openjfx\cache\21+31\amd64\api-ms-win-core-libraryloader-l1-1-0.dll
0x000001bf8dcc0000 - 0x000001bf8dcc3000 	C:\Users\Kinsl\.openjfx\cache\21+31\amd64\api-ms-win-core-localization-l1-2-0.dll
0x000001bf8dcd0000 - 0x000001bf8dcd3000 	C:\Users\Kinsl\.openjfx\cache\21+31\amd64\api-ms-win-core-memory-l1-1-0.dll
0x000001bf8dce0000 - 0x000001bf8dce3000 	C:\Users\Kinsl\.openjfx\cache\21+31\amd64\api-ms-win-core-namedpipe-l1-1-0.dll
0x000001bf8dcf0000 - 0x000001bf8dcf3000 	C:\Users\Kinsl\.openjfx\cache\21+31\amd64\api-ms-win-core-processenvironment-l1-1-0.dll
0x000001bf8dd00000 - 0x000001bf8dd03000 	C:\Users\Kinsl\.openjfx\cache\21+31\amd64\api-ms-win-core-processthreads-l1-1-0.dll
0x000001bf8dd10000 - 0x000001bf8dd13000 	C:\Users\Kinsl\.openjfx\cache\21+31\amd64\api-ms-win-core-processthreads-l1-1-1.dll
0x000001bf8dd20000 - 0x000001bf8dd23000 	C:\Users\Kinsl\.openjfx\cache\21+31\amd64\api-ms-win-core-profile-l1-1-0.dll
0x000001bf8dd30000 - 0x000001bf8dd33000 	C:\Users\Kinsl\.openjfx\cache\21+31\amd64\api-ms-win-core-rtlsupport-l1-1-0.dll
0x000001bf8dd40000 - 0x000001bf8dd43000 	C:\Users\Kinsl\.openjfx\cache\21+31\amd64\api-ms-win-core-string-l1-1-0.dll
0x000001bf8dd50000 - 0x000001bf8dd53000 	C:\Users\Kinsl\.openjfx\cache\21+31\amd64\api-ms-win-core-synch-l1-1-0.dll
0x000001bf8dd60000 - 0x000001bf8dd63000 	C:\Users\Kinsl\.openjfx\cache\21+31\amd64\api-ms-win-core-synch-l1-2-0.dll
0x000001bf8dd70000 - 0x000001bf8dd73000 	C:\Users\Kinsl\.openjfx\cache\21+31\amd64\api-ms-win-core-sysinfo-l1-1-0.dll
0x000001bf8dd80000 - 0x000001bf8dd83000 	C:\Users\Kinsl\.openjfx\cache\21+31\amd64\api-ms-win-core-timezone-l1-1-0.dll
0x000001bf8dd90000 - 0x000001bf8dd93000 	C:\Users\Kinsl\.openjfx\cache\21+31\amd64\api-ms-win-core-util-l1-1-0.dll
0x000001bf8dda0000 - 0x000001bf8dda3000 	C:\Users\Kinsl\.openjfx\cache\21+31\amd64\api-ms-win-crt-conio-l1-1-0.dll
0x000001bf8ddb0000 - 0x000001bf8ddb4000 	C:\Users\Kinsl\.openjfx\cache\21+31\amd64\api-ms-win-crt-convert-l1-1-0.dll
0x000001bf8ddc0000 - 0x000001bf8ddc3000 	C:\Users\Kinsl\.openjfx\cache\21+31\amd64\api-ms-win-crt-environment-l1-1-0.dll
0x000001bf8ddd0000 - 0x000001bf8ddd3000 	C:\Users\Kinsl\.openjfx\cache\21+31\amd64\api-ms-win-crt-filesystem-l1-1-0.dll
0x000001bf8dde0000 - 0x000001bf8dde3000 	C:\Users\Kinsl\.openjfx\cache\21+31\amd64\api-ms-win-crt-heap-l1-1-0.dll
0x000001bf8ddf0000 - 0x000001bf8ddf3000 	C:\Users\Kinsl\.openjfx\cache\21+31\amd64\api-ms-win-crt-locale-l1-1-0.dll
0x000001bf8de00000 - 0x000001bf8de05000 	C:\Users\Kinsl\.openjfx\cache\21+31\amd64\api-ms-win-crt-math-l1-1-0.dll
0x000001bf8de10000 - 0x000001bf8de15000 	C:\Users\Kinsl\.openjfx\cache\21+31\amd64\api-ms-win-crt-multibyte-l1-1-0.dll
0x000001bf8de20000 - 0x000001bf8de30000 	C:\Users\Kinsl\.openjfx\cache\21+31\amd64\api-ms-win-crt-private-l1-1-0.dll
0x000001bf8de30000 - 0x000001bf8de33000 	C:\Users\Kinsl\.openjfx\cache\21+31\amd64\api-ms-win-crt-process-l1-1-0.dll
0x000001bf8de40000 - 0x000001bf8de44000 	C:\Users\Kinsl\.openjfx\cache\21+31\amd64\api-ms-win-crt-runtime-l1-1-0.dll
0x000001bf8de50000 - 0x000001bf8de54000 	C:\Users\Kinsl\.openjfx\cache\21+31\amd64\api-ms-win-crt-stdio-l1-1-0.dll
0x000001bf8de60000 - 0x000001bf8de64000 	C:\Users\Kinsl\.openjfx\cache\21+31\amd64\api-ms-win-crt-string-l1-1-0.dll
0x000001bf8de70000 - 0x000001bf8de73000 	C:\Users\Kinsl\.openjfx\cache\21+31\amd64\api-ms-win-crt-time-l1-1-0.dll
0x000001bf8de80000 - 0x000001bf8de83000 	C:\Users\Kinsl\.openjfx\cache\21+31\amd64\api-ms-win-crt-utility-l1-1-0.dll
0x00007ffc69650000 - 0x00007ffc6974c000 	C:\Users\Kinsl\.openjfx\cache\21+31\amd64\ucrtbase.dll
0x00007ffcbe310000 - 0x00007ffcbe32b000 	C:\Users\Kinsl\.openjfx\cache\21+31\amd64\vcruntime140.dll
0x00007ffcbe300000 - 0x00007ffcbe30c000 	C:\Users\Kinsl\.openjfx\cache\21+31\amd64\vcruntime140_1.dll
0x00007ffcab4d0000 - 0x00007ffcab55e000 	C:\Users\Kinsl\.openjfx\cache\21+31\amd64\msvcp140.dll
0x00007ffcf7220000 - 0x00007ffcf73c0000 	C:\Windows\System32\ole32.dll
0x00007ffcbc610000 - 0x00007ffcbc619000 	C:\Users\Kinsl\.openjfx\cache\21+31\amd64\msvcp140_1.dll
0x00007ffcab4a0000 - 0x00007ffcab4cf000 	C:\Users\Kinsl\.openjfx\cache\21+31\amd64\msvcp140_2.dll
0x00007ffca8a20000 - 0x00007ffca8a4f000 	C:\Users\Kinsl\.openjfx\cache\21+31\amd64\prism_d3d.dll
0x00007ffcd2fb0000 - 0x00007ffcd3159000 	C:\Windows\system32\d3d9.dll
0x00007ffcf1b20000 - 0x00007ffcf1b4b000 	C:\Windows\SYSTEM32\dwmapi.dll
0x00007ffcf1ca0000 - 0x00007ffcf1cd6000 	C:\Windows\SYSTEM32\dxcore.dll
0x00007ffcf18a0000 - 0x00007ffcf194b000 	C:\Windows\system32\uxtheme.dll
0x00007ffc8d220000 - 0x00007ffc8d3c2000 	C:\Windows\System32\DriverStore\FileRepository\iigd_dch.inf_amd64_d0b39b11619fd0c4\igdumdim64.dll
0x00007ffc89290000 - 0x00007ffc8cea0000 	C:\Windows\System32\DriverStore\FileRepository\iigd_dch.inf_amd64_d0b39b11619fd0c4\igd9dxva64.dll
0x00007ffcf6da0000 - 0x00007ffcf7214000 	C:\Windows\System32\SETUPAPI.dll
0x00007ffcf46a0000 - 0x00007ffcf46ee000 	C:\Windows\SYSTEM32\cfgmgr32.dll
0x00007ffce08b0000 - 0x00007ffce0c77000 	C:\Windows\System32\DriverStore\FileRepository\iigd_dch.inf_amd64_d0b39b11619fd0c4\igdgmm64.dll
0x00007ffce45f0000 - 0x00007ffce463a000 	C:\Windows\SYSTEM32\directxdatabasehelper.dll
0x00007ffca84f0000 - 0x00007ffca8532000 	C:\Users\Kinsl\.openjfx\cache\21+31\amd64\glass.dll
0x00007ffcf6b40000 - 0x00007ffcf6c39000 	C:\Windows\System32\COMDLG32.dll
0x00007ffcf6690000 - 0x00007ffcf67e0000 	C:\Windows\System32\MSCTF.dll
0x00007ffc88f60000 - 0x00007ffc88f87000 	C:\Windows\System32\DriverStore\FileRepository\iigd_dch.inf_amd64_d0b39b11619fd0c4\igdinfo64.dll
0x00007ffcdd1a0000 - 0x00007ffce0752000 	C:\Windows\System32\DriverStore\FileRepository\iigd_dch.inf_amd64_d0b39b11619fd0c4\igc64.dll
0x00007ffcbc2b0000 - 0x00007ffcbc2c4000 	C:\Users\Kinsl\.openjfx\cache\21+31\amd64\javafx_font.dll
0x00007ffcf0380000 - 0x00007ffcf05f3000 	C:\Windows\SYSTEM32\dwrite.dll
0x00007ffcf4250000 - 0x00007ffcf426b000 	C:\Windows\SYSTEM32\CRYPTSP.dll
0x00007ffcf39f0000 - 0x00007ffcf3a25000 	C:\Windows\system32\rsaenh.dll
0x00007ffcf3fa0000 - 0x00007ffcf3fcc000 	C:\Windows\SYSTEM32\USERENV.dll
0x00007ffcf4230000 - 0x00007ffcf423c000 	C:\Windows\SYSTEM32\CRYPTBASE.dll
0x00007ffcf3460000 - 0x00007ffcf348d000 	C:\Windows\SYSTEM32\IPHLPAPI.DLL
0x00007ffcf6d90000 - 0x00007ffcf6d99000 	C:\Windows\System32\NSI.dll
0x00007ffcf5c60000 - 0x00007ffcf5d10000 	C:\Windows\System32\clbcatq.dll
0x00007ffcf01d0000 - 0x00007ffcf0380000 	C:\Windows\SYSTEM32\WindowsCodecs.dll
0x00007ffcd4f70000 - 0x00007ffcd4fce000 	C:\Windows\system32\dataexchange.dll
0x00007ffcea9c0000 - 0x00007ffceac45000 	C:\Windows\system32\twinapi.appcore.dll
0x00007ffca87f0000 - 0x00007ffca8822000 	C:\Program Files\Common Files\Microsoft Shared\Ink\rtscom.dll
0x00007ffcc8ce0000 - 0x00007ffcc8e2a000 	C:\Windows\SYSTEM32\textinputframework.dll
0x00007ffcf14c0000 - 0x00007ffcf15f4000 	C:\Windows\SYSTEM32\CoreMessaging.dll
0x00007ffcea640000 - 0x00007ffcea9ac000 	C:\Windows\SYSTEM32\CoreUIComponents.dll
0x00007ffcd3160000 - 0x00007ffcd35a5000 	C:\Windows\SYSTEM32\UIAutomationCore.DLL

dbghelp: loaded successfully - version: 4.0.5 - missing functions: none
symbol engine: initialized successfully - sym options: 0x614 - pdb path: .;C:\Users\Kinsl\.jdks\liberica-21.0.1-1\bin;C:\Windows\SYSTEM32;C:\Windows\WinSxS\amd64_microsoft.windows.common-controls_6595b64144ccf1df_6.0.22621.2506_none_270c5ae97388e100;C:\Users\Kinsl\.jdks\liberica-21.0.1-1\bin\server;C:\Users\Kinsl\.openjfx\cache\21+31\amd64;C:\Windows\System32\DriverStore\FileRepository\iigd_dch.inf_amd64_d0b39b11619fd0c4;C:\Program Files\Common Files\Microsoft Shared\Ink;C:\Users\Kinsl\AppData\Local\Temp

VM Arguments:
jvm_args: -Dfile.encoding=windows-1252 -Duser.country=US -Duser.language=en -Duser.variant --module-path=C:\Users\Kinsl\IdeaProjects-3\ripple-webrtc\clients-examples\javafx\g-streamer-demo\build\libs\g-streamer-demo-1.0.jar;C:\Users\Kinsl\IdeaProjects-3\ripple-webrtc\clients-examples\javafx\g-streamer-demo\build\classes\java\main;C:\Users\Kinsl\.gradle\caches\modules-2\files-2.1\org.openjfx\javafx-fxml\21\4a1cd270e1ae03ae73110eb68622afd457c6f903\javafx-fxml-21-win.jar;C:\Users\Kinsl\.gradle\caches\modules-2\files-2.1\org.openjfx\javafx-controls\21\76e295d84578a3d9688e092aae3f2ff1cf3e83a9\javafx-controls-21-win.jar;C:\Users\Kinsl\.gradle\caches\modules-2\files-2.1\org.openjfx\javafx-controls\21\f290138dcff0ee5679eebd2096f29dfa1f7563c6\javafx-controls-21.jar;C:\Users\Kinsl\.gradle\caches\modules-2\files-2.1\org.openjfx\javafx-media\21\f5e89e981be5c3c6f316b6f8b7b49686cd7c6d58\javafx-media-21-win.jar;C:\Users\Kinsl\.gradle\caches\modules-2\files-2.1\org.openjfx\javafx-graphics\21\8083d97ea236079c82cf8e3463b62990340346d4\javafx-graphics-21-win.jar;C:\Users\Kinsl\.gradle\caches\modules-2\files-2.1\org.openjfx\javafx-graphics\21\f8d0163c8bf9cffdcf2eac163446ea550b3051ca\javafx-graphics-21.jar;C:\Users\Kinsl\.gradle\caches\modules-2\files-2.1\org.openjfx\javafx-base\21\a7e334fbb619859e1010cad06ddcf16e774c87a0\javafx-base-21-win.jar;C:\Users\Kinsl\.gradle\caches\modules-2\files-2.1\org.openjfx\javafx-base\21\be7576df67c204d6d3f9c6c5d4db4e268ff22ff2\javafx-base-21.jar;C:\Users\Kinsl\.gradle\caches\modules-2\files-2.1\org.controlsfx\controlsfx\11.1.2\584bc3f468e2c33100fcdbb1daf0a3e095e5e031\controlsfx-11.1.2.jar;C:\Users\Kinsl\.gradle\caches\modules-2\files-2.1\org.kordamp.bootstrapfx\bootstrapfx-core\0.4.0\8d019b30266c00770cf29921d1008ad7feed0ed6\bootstrapfx-core-0.4.0.jar;C:\Users\Kinsl\.gradle\caches\modules-2\files-2.1\org.json\json\20231013\e22e0c040fe16f04ffdb85d851d77b07fc05ea52\json-20231013.jar;C:\Users\Kinsl\.gradle\caches\modules-2\files-2.1\com.squareup.okhttp3\okhttp\4.12.0\2f4525d4a200e97e1b87449c2cd9bd2e25b7e8cd\okhttp-4.12.0.jar;C:\Users\Kinsl\.gradl-Djdk.module.main=africa.jopen.gstreamerdemo 
java_command: africa.jopen.gstreamerdemo/africa.jopen.gstreamerdemo.App
java_class_path (initial): C:\Users\Kinsl\IdeaProjects-3\ripple-webrtc\clients-examples\javafx\g-streamer-demo\build\resources\main
Launcher Type: SUN_STANDARD

[Global flags]
     intx CICompilerCount                          = 4                                         {product} {ergonomic}
     uint ConcGCThreads                            = 2                                         {product} {ergonomic}
     uint G1ConcRefinementThreads                  = 8                                         {product} {ergonomic}
   size_t G1HeapRegionSize                         = 2097152                                   {product} {ergonomic}
    uintx GCDrainStackTargetSize                   = 64                                        {product} {ergonomic}
   size_t InitialHeapSize                          = 268435456                                 {product} {ergonomic}
   size_t MarkStackSize                            = 4194304                                   {product} {ergonomic}
   size_t MaxHeapSize                              = 4263510016                                {product} {ergonomic}
   size_t MaxNewSize                               = 2556428288                                {product} {ergonomic}
   size_t MinHeapDeltaBytes                        = 2097152                                   {product} {ergonomic}
   size_t MinHeapSize                              = 8388608                                   {product} {ergonomic}
    uintx NonNMethodCodeHeapSize                   = 5839372                                {pd product} {ergonomic}
    uintx NonProfiledCodeHeapSize                  = 122909434                              {pd product} {ergonomic}
    uintx ProfiledCodeHeapSize                     = 122909434                              {pd product} {ergonomic}
    uintx ReservedCodeCacheSize                    = 251658240                              {pd product} {ergonomic}
     bool SegmentedCodeCache                       = true                                      {product} {ergonomic}
   size_t SoftMaxHeapSize                          = 4263510016                             {manageable} {ergonomic}
     bool UseCompressedOops                        = true                           {product lp64_product} {ergonomic}
     bool UseG1GC                                  = true                                      {product} {ergonomic}
     bool UseLargePagesIndividualAllocation        = false                                  {pd product} {ergonomic}

Logging:
Log output configuration:
 #0: stdout all=warning uptime,level,tags foldmultilines=false
 #1: stderr all=off uptime,level,tags foldmultilines=false

Environment Variables:
JAVA_HOME=C:\Users\Kinsl\.jdks\azul-11.0.18
PATH=C:\Python312\Scripts\;C:\Python312\;C:\Windows\system32;C:\Windows;C:\Windows\System32\Wbem;C:\Windows\System32\WindowsPowerShell\v1.0\;C:\Windows\System32\OpenSSH\;C:\Users\Kinsl\.jdks\graalvm-ce-19\bin;C:\Program Files\Microsoft SQL Server\150\Tools\Binn\;C:\Program Files\PuTTY\;C:\Program Files\PostgreSQL\15\bin\psql.exe;C:\Program Files\Microsoft Visual Studio\2022\Community\VC\Auxiliary\Build;C:\Program Files\Microsoft Visual Studio\2022\Community\VC\Tools\MSVC\14.35.32215\bin\Hostx64\x64;C:\xampp\php;C:\composer;C:\gstreamer\1.0\msvc_x86_64\bin;C:\gstreamer\1.0\msvc_x86_64;C:\gstreamer\1.0\msvc_x86_64\bin\gst-launch-1.0.exe;C:\ProgramData\chocolatey\bin;C:\ProgramData\chocolatey\lib\ffmpeg-full\tools\ffmpeg\bin;C:\Program Files\Microsoft Visual Studio\2022\Community\MSBuild\Microsoft\VisualStudio\NodeJs;C:\Users\Kinsl\flutter\bin;C:\Users\Kinsl\.jdks\graalvm-ce-19\bin\gu;C:\Program Files\Git LFS;C:\Users\Kinsl\.cargo\bin\;C:\Windows\System32;C:\Program Files\dotnet\;C:\Program Files\Go\bin;C:\OpenCV;C:\OpenCV\x64\vc16\bin;C:\Program Files (x86)\Gpg4win\..\GnuPG\bin;C:\Program Files (x86)\Yarn\bin\;C:\nodejs\;C:\Users\Kinsl\AppData\Roaming\npm;C:\Program Files\Git\cmd;C:\Users\Kinsl\scrcpy-win64-v2.3;C:\Program Files\PowerShell\7\;C:\Users\Kinsl\AppData\Roaming\nvm;C:\Program Files\nodejs;C:\Program Files (x86)\Bitvise SSH Client;C:\Program Files\Docker\Docker\resources\bin;C:\Users\Kinsl\.cargo\bin;C:\Program Files\MySQL\MySQL Shell 8.0\bin\;C:\Users\Kinsl\scoop\shims;C:\Users\Kinsl\.console-ninja\.bin;C:\Users\Kinsl\.jbang\bin;C:\Users\Kinsl\AppData\Local\Microsoft\WindowsApps;C:\Users\Kinsl\AppData\Local\GitHubDesktop\bin;C:\Users\Kinsl\AppData\Local\Programs\Microsoft VS Code\bin;C:\Users\Kinsl\AppData\Local\JetBrains\Toolbox\scripts;C:\Users\Kinsl\.jdks\graalvm-ce-19\bin;C:\Users\Kinsl\.dotnet\tools;C:\Windows\System32\ngrok.exe;C:\Program Files\PostgreSQL\15\bin\psql.exe;C:\Program Files\Microsoft Visual Studio\2022\Community\VC\Tools\MSVC\14.35.32215\bin\Hostx64\x64;C:\Users\Kinsl\AppData\Roaming\Composer\vendor\bin;C:\gstreamer\1.0\msvc_x86_64\bin;C:\gstreamer\1.0\msvc_x86_64\bin\gst-launch-1.0.exe;C:\ProgramData\chocolatey\bin;C:\ProgramData\chocolatey\lib\ffmpeg-full\tools\ffmpeg\bin;C:\Users\Kinsl\flutter\bin;C:\Program Files\Border;C:\Users\Kinsl\.jdks\graalvm-ce-19\bin\gu;C:\Program Files\MongoDB\Server\6.0\bin;C:\Users\Kinsl\.cargo\bin\shai.exe;C:\Windows\System32;C:\Users\Kinsl\.dotnet\tools;C:\Users\Kinsl\go\bin;C:\Program Files\Go\bin;C:\OpenCV;C:\OpenCV\x64\vc16\bin;C:\nodejs;C:\Users\Kinsl\AppData\Roaming\npm;C:\Users\Kinsl\scrcpy-win64-v2.3;C:\Users\Kinsl\AppData\Local\Microsoft\WinGet\Links;C:\Users\Kinsl\AppData\Roaming\nvm;C:\Program Files\nodejs
USERNAME=Kinsl
OS=Windows_NT
PROCESSOR_IDENTIFIER=Intel64 Family 6 Model 142 Stepping 10, GenuineIntel
TMP=C:\Users\Kinsl\AppData\Local\Temp
TEMP=C:\Users\Kinsl\AppData\Local\Temp




Periodic native trim disabled

---------------  S Y S T E M  ---------------

OS:
 Windows 11 , 64 bit Build 22621 (10.0.22621.2506)
OS uptime: 4 days 19:02 hours
Hyper-V role detected

CPU: total 8 (initial active 8) (4 cores per cpu, 2 threads per core) family 6 model 142 stepping 10 microcode 0xf4, cx8, cmov, fxsr, ht, mmx, 3dnowpref, sse, sse2, sse3, ssse3, sse4.1, sse4.2, popcnt, lzcnt, tsc, tscinvbit, avx, avx2, aes, erms, clmul, bmi1, bmi2, rtm, adx, fma, vzeroupper, clflush, clflushopt, hv, rdtscp, f16c
Processor Information for all 8 processors :
  Max Mhz: 2112, Current Mhz: 1910, Mhz Limit: 1900

Memory: 4k page, system-wide physical 16262M (4205M free)
TotalPageFile size 31190M (AvailPageFile size 14763M)
current process WorkingSet (physical memory assigned to process): 203M, peak: 203M
current process commit charge ("private bytes"): 439M, peak: 439M

vm_info: OpenJDK 64-Bit Server VM (21.0.1+12-LTS) for windows-amd64 JRE (21.0.1+12-LTS), built on 2023-10-16T13:32:28Z by "hudson" with MS VC++ 17.1 (VS2022)

END.
