#
# A fatal error has been detected by the Java Runtime Environment:
#
#  EXCEPTION_ACCESS_VIOLATION (0xc0000005) at pc=0x00007ffc536f9f64, pid=27220, tid=25680
#
# JRE version: OpenJDK Runtime Environment (21.0.1+12) (build 21.0.1+12-LTS)
# Java VM: OpenJDK 64-Bit Server VM (21.0.1+12-LTS, mixed mode, sharing, tiered, compressed oops, compressed class ptrs, g1 gc, windows-amd64)
# Problematic frame:
# V  [jvm.dll+0x369f64]
#
# No core dump will be written. Minidumps are not enabled by default on client versions of Windows
#
# If you would like to submit a bug report, please visit:
#   https://bell-sw.com/support
#

---------------  S U M M A R Y ------------

Command Line: -Dfile.encoding=windows-1252 -Duser.country=US -Duser.language=en -Duser.variant --module-path=C:\Users\Kinsl\IdeaProjects-3\ripple-webrtc\clients-examples\javafx\g-streamer-demo\build\libs\g-streamer-demo-1.0.jar;C:\Users\Kinsl\IdeaProjects-3\ripple-webrtc\clients-examples\javafx\g-streamer-demo\build\classes\java\main;C:\Users\Kinsl\.gradle\caches\modules-2\files-2.1\org.openjfx\javafx-fxml\21\4a1cd270e1ae03ae73110eb68622afd457c6f903\javafx-fxml-21-win.jar;C:\Users\Kinsl\.gradle\caches\modules-2\files-2.1\org.openjfx\javafx-controls\21\76e295d84578a3d9688e092aae3f2ff1cf3e83a9\javafx-controls-21-win.jar;C:\Users\Kinsl\.gradle\caches\modules-2\files-2.1\org.openjfx\javafx-controls\21\f290138dcff0ee5679eebd2096f29dfa1f7563c6\javafx-controls-21.jar;C:\Users\Kinsl\.gradle\caches\modules-2\files-2.1\org.openjfx\javafx-media\21\f5e89e981be5c3c6f316b6f8b7b49686cd7c6d58\javafx-media-21-win.jar;C:\Users\Kinsl\.gradle\caches\modules-2\files-2.1\org.openjfx\javafx-graphics\21\8083d97ea236079c82cf8e3463b62990340346d4\javafx-graphics-21-win.jar;C:\Users\Kinsl\.gradle\caches\modules-2\files-2.1\org.openjfx\javafx-graphics\21\f8d0163c8bf9cffdcf2eac163446ea550b3051ca\javafx-graphics-21.jar;C:\Users\Kinsl\.gradle\caches\modules-2\files-2.1\org.openjfx\javafx-base\21\a7e334fbb619859e1010cad06ddcf16e774c87a0\javafx-base-21-win.jar;C:\Users\Kinsl\.gradle\caches\modules-2\files-2.1\org.openjfx\javafx-base\21\be7576df67c204d6d3f9c6c5d4db4e268ff22ff2\javafx-base-21.jar;C:\Users\Kinsl\.gradle\caches\modules-2\files-2.1\org.controlsfx\controlsfx\11.1.2\584bc3f468e2c33100fcdbb1daf0a3e095e5e031\controlsfx-11.1.2.jar;C:\Users\Kinsl\.gradle\caches\modules-2\files-2.1\org.kordamp.bootstrapfx\bootstrapfx-core\0.4.0\8d019b30266c00770cf29921d1008ad7feed0ed6\bootstrapfx-core-0.4.0.jar;C:\Users\Kinsl\.gradle\caches\modules-2\files-2.1\org.json\json\20231013\e22e0c040fe16f04ffdb85d851d77b07fc05ea52\json-20231013.jar;C:\Users\Kinsl\.gradle\caches\modules-2\files-2.1\com.squareup.okhttp3\okhttp\4.12.0\2f4525d4a200e97e1b87449c2cd9bd2e25b7e8cd\okhttp-4.12.0.jar;C:\Users\Kinsl\.gradl-Djdk.module.main=africa.jopen.gstreamerdemo africa.jopen.gstreamerdemo/africa.jopen.gstreamerdemo.App

Host: Intel(R) Core(TM) i7-8650U CPU @ 1.90GHz, 8 cores, 15G,  Windows 11 , 64 bit Build 22621 (10.0.22621.2506)
Time: Wed Jan 17 20:26:45 2024 South Africa Standard Time elapsed time: 51.815314 seconds (0d 0h 0m 51s)

---------------  T H R E A D  ---------------

Current thread (0x00000218647dbbd0):  WorkerThread "GC Thread#4"    [id=25680, stack(0x0000003e18900000,0x0000003e18a00000) (1024K)]

Stack: [0x0000003e18900000,0x0000003e18a00000],  sp=0x0000003e189ff560,  free space=1021k
Native frames: (J=compiled Java code, j=interpreted, Vv=VM code, C=native code)
V  [jvm.dll+0x369f64]
V  [jvm.dll+0x36a835]
V  [jvm.dll+0x36a515]
V  [jvm.dll+0x371cd4]
V  [jvm.dll+0x371e4b]
V  [jvm.dll+0x8d73b7]
V  [jvm.dll+0x852988]
V  [jvm.dll+0x6cd44d]
C  [ucrtbase.dll+0x29363]
C  [KERNEL32.DLL+0x1257d]
C  [ntdll.dll+0x5aa58]


siginfo: EXCEPTION_ACCESS_VIOLATION (0xc0000005), reading address 0x0000000000003ae8


Registers:
RAX=0x0000000000000000, RBX=0x000002181e84c390, RCX=0x0000000000000015, RDX=0x0000000000000000
RSP=0x0000003e189ff560, RBP=0x0000000000000002, RSI=0xfffffffffffffff8, RDI=0x000002186fd2caf8
R8 =0x0000000000000000, R9 =0x000002187d1d0db0, R10=0x0000000000003ae8, R11=0x0000026bc091b2ea
R12=0x000002186fd2caf0, R13=0x0000003e174fefb8, R14=0x000002181e84c380, R15=0x0000000000000028
RIP=0x00007ffc536f9f64, EFLAGS=0x0000000000010246


Register to memory mapping:

RAX=0x0 is null
RBX=0x000002181e84c390 points into unknown readable memory: 0x0000000000003ae8 | e8 3a 00 00 00 00 00 00
RCX=0x0000000000000015 is an unknown value
RDX=0x0 is null
RSP=0x0000003e189ff560 points into unknown readable memory: 0x000000001edf0000 | 00 00 df 1e 00 00 00 00
RBP=0x0000000000000002 is an unknown value
RSI=0xfffffffffffffff8 is an unknown value
RDI=0x000002186fd2caf8 points into unknown readable memory: 0x00007ffc53dbfc88 | 88 fc db 53 fc 7f 00 00
R8 =0x0 is null
R9 =0x000002187d1d0db0 points into unknown readable memory: 0x00007ffc53db6630 | 30 66 db 53 fc 7f 00 00
R10=0x0000000000003ae8 is an unknown value
R11=0x0000026bc091b2ea is an unknown value
R12=0x000002186fd2caf0 points into unknown readable memory: 0x00007ffc53dbfcd0 | d0 fc db 53 fc 7f 00 00
R13=0x0000003e174fefb8 points into unknown readable memory: 0x000002181e59fbe0 | e0 fb 59 1e 18 02 00 00
R14=0x000002181e84c380 points into unknown readable memory: 0x0000000704e73d30 | 30 3d e7 04 07 00 00 00
R15=0x0000000000000028 is an unknown value

Top of Stack: (sp=0x0000003e189ff560)
0x0000003e189ff560:   000000001edf0000 0000001976770001
0x0000003e189ff570:   0000000000000000 0000000000000070
0x0000003e189ff580:   0000000000000004 00007ffc536fa835
0x0000003e189ff590:   000002186fd2caf8 0000000000000001
0x0000003e189ff5a0:   0000021870863e38 00007ffc53dbb0e0
0x0000003e189ff5b0:   0000000000000000 0000003e189ff630
0x0000003e189ff5c0:   0000000000000001 00000218647ddf70
0x0000003e189ff5d0:   0000003e174feeb0 000000197676fefc
0x0000003e189ff5e0:   00007ffc53dbaff0 000000001edff209
0x0000003e189ff5f0:   000000197677105e 00007ffc0000000b
0x0000003e189ff600:   00000218647ddf70 0000000000000001
0x0000003e189ff610:   0000000000000000 0000000000000000
0x0000003e189ff620:   0000000000000000 0000000000000000
0x0000003e189ff630:   00007ffc53dbaff0 000000001edfcc00
0x0000003e189ff640:   0000000000000002 0000000000000003
0x0000003e189ff650:   0000000000000001 000048603078d850
0x0000003e189ff660:   0000000000000000 000002181e5d6a90
0x0000003e189ff670:   000002181e5d6aa0 00000000000003d8
0x0000003e189ff680:   000002181e5d6e78 0000003e174feeb0
0x0000003e189ff690:   0000000000000001 00000218647ddf70
0x0000003e189ff6a0:   000002186fd2caf0 00007ffc536fa515
0x0000003e189ff6b0:   000002186fd2caf0 00000218647ddf70
0x0000003e189ff6c0:   0000000000000001 0000003e174feeb0
0x0000003e189ff6d0:   0000000000000001 0000000000000008
0x0000003e189ff6e0:   0000000000000005 00007ffc53450000
0x0000003e189ff6f0:   0000000000000000 00007ffc53a50d91
0x0000003e189ff700:   0000000000000008 00000000000000f8
0x0000003e189ff710:   0000000000000001 00007ffc5344d90e
0x0000003e189ff720:   0000000000000005 00007ffc534502d6
0x0000003e189ff730:   0000000000000000 0000000000000008
0x0000003e189ff740:   00007ffc53dbb000 000000001edfcc23
0x0000003e189ff750:   000000197657cb9e 0000021800000003 

Instructions: (pc=0x00007ffc536f9f64)
0x00007ffc536f9e64:   84 c0 78 3a 4c 8b 07 41 0f b6 c0 24 03 3c 03 75
0x00007ffc536f9e74:   06 49 83 e0 fc eb 12 48 8b 4b 10 4d 8b c8 4c 8b
0x00007ffc536f9e84:   c7 e8 06 16 ff ff 4c 8b c0 4c 2b 05 74 83 8c 00
0x00007ffc536f9e94:   8b 0d 76 83 8c 00 49 d3 e8 44 89 06 eb 5a 3c fd
0x00007ffc536f9ea4:   75 37 41 8b 88 18 02 00 00 48 8b d7 49 8b 80 10
0x00007ffc536f9eb4:   02 00 00 48 d3 e0 8b 0d a0 b3 93 00 48 2b d0 49
0x00007ffc536f9ec4:   8b 80 90 05 00 00 48 d3 ea 8b ca 80 7c 48 01 fd
0x00007ffc536f9ed4:   75 17 c6 44 48 01 ff eb 10 3c fc 75 0c 48 8b 4b
0x00007ffc536f9ee4:   10 48 8b d6 e8 e3 f2 ff ff 8b 53 18 4c 8b c7 48
0x00007ffc536f9ef4:   8b 4b 28 e8 d4 4b fb ff 48 8b 4b 10 e8 fb ee fe
0x00007ffc536f9f04:   ff 48 8b 7c 24 30 48 8b 5c 24 38 48 83 c4 20 5e
0x00007ffc536f9f14:   c3 cc cc cc cc cc cc cc cc cc cc cc 48 89 5c 24
0x00007ffc536f9f24:   08 57 48 83 ec 20 4c 8b 12 48 8b da 48 8b f9 4d
0x00007ffc536f9f34:   85 d2 0f 84 a6 00 00 00 4c 8b 49 08 4d 8b c2 49
0x00007ffc536f9f44:   8b 81 a0 05 00 00 41 8b 89 b0 05 00 00 49 d3 e8
0x00007ffc536f9f54:   42 0f b7 14 40 0f b7 c2 66 c1 e8 08 84 c0 78 2c
0x00007ffc536f9f64:   49 8b 0a 0f b6 c1 24 03 3c 03 75 09 48 83 e1 fc
0x00007ffc536f9f74:   48 89 0b eb 60 4c 8b c9 4d 8b c2 48 8b 4f 10 e8
0x00007ffc536f9f84:   08 15 ff ff 48 8b c8 48 89 03 eb 49 3c fd 75 35
0x00007ffc536f9f94:   41 8b 89 18 02 00 00 49 8b 81 10 02 00 00 48 d3
0x00007ffc536f9fa4:   e0 8b 0d b5 b2 93 00 4c 2b d0 49 8b 81 90 05 00
0x00007ffc536f9fb4:   00 49 d3 ea 41 8b ca 80 7c 48 01 fd 75 17 c6 44
0x00007ffc536f9fc4:   48 01 ff eb 10 3c fc 75 0c 48 8b 4f 10 48 8b d3
0x00007ffc536f9fd4:   e8 97 f1 ff ff 48 8b 4f 10 e8 1e ee fe ff 48 8b
0x00007ffc536f9fe4:   5c 24 30 48 83 c4 20 5f c3 cc cc cc 48 89 5c 24
0x00007ffc536f9ff4:   08 57 48 83 ec 20 8b 02 48 8b fa 48 8b d9 85 c0
0x00007ffc536fa004:   0f 84 c7 00 00 00 8b 0d 00 82 8c 00 44 8b d0 4c
0x00007ffc536fa014:   8b 4b 08 49 d3 e2 4c 03 15 e7 81 8c 00 4d 8b c2
0x00007ffc536fa024:   49 8b 81 a0 05 00 00 41 8b 89 b0 05 00 00 49 d3
0x00007ffc536fa034:   e8 42 0f b7 14 40 0f b7 c2 66 c1 e8 08 84 c0 78
0x00007ffc536fa044:   3a 4d 8b 02 41 0f b6 c0 24 03 3c 03 75 06 49 83
0x00007ffc536fa054:   e0 fc eb 12 48 8b 4b 10 4d 8b c8 4d 8b c2 e8 29 


Stack slot to memory mapping:

stack at sp + 0 slots: 0x000000001edf0000 is an unknown value
stack at sp + 1 slots: 0x0000001976770001 is an unknown value
stack at sp + 2 slots: 0x0 is null
stack at sp + 3 slots: 0x0000000000000070 is an unknown value
stack at sp + 4 slots: 0x0000000000000004 is an unknown value
stack at sp + 5 slots: 0x00007ffc536fa835 jvm.dll
stack at sp + 6 slots: 0x000002186fd2caf8 points into unknown readable memory: 0x00007ffc53dbfc88 | 88 fc db 53 fc 7f 00 00
stack at sp + 7 slots: 0x0000000000000001 is an unknown value


---------------  P R O C E S S  ---------------

Threads class SMR info:
_java_thread_list=0x0000021864d7d6e0, length=34, elements={
0x000002187d0084f0, 0x000002181e5c4ef0, 0x000002181e5c6e20, 0x000002181e5ca320,
0x000002181e5cd0f0, 0x000002181e5cdb50, 0x000002181e5ce6e0, 0x000002181e5d4bf0,
0x000002181e5d73e0, 0x000002181e7e6040, 0x000002186410c520, 0x000002186459b490,
0x00000218642a7db0, 0x00000218647f14a0, 0x00000218649619c0, 0x0000021864939870,
0x0000021864d08180, 0x0000021864d07af0, 0x0000021864d08ea0, 0x00000218653b9090,
0x00000218653be5e0, 0x00000218653bb7f0, 0x00000218653b7ce0, 0x00000218653b8370,
0x00000218653bd8c0, 0x00000218653bd230, 0x00000218653baad0, 0x00000218653bc510,
0x00000218653bcba0, 0x00000218653bf300, 0x00000218653bdf50, 0x00000218653bec70,
0x00000218653b8a00, 0x00000218653b9720
}

Java Threads: ( => current thread )
  0x000002187d0084f0 JavaThread "main"                              [_thread_blocked, id=13340, stack(0x0000003e16d00000,0x0000003e16e00000) (1024K)]
  0x000002181e5c4ef0 JavaThread "Reference Handler"          daemon [_thread_blocked, id=24108, stack(0x0000003e17500000,0x0000003e17600000) (1024K)]
  0x000002181e5c6e20 JavaThread "Finalizer"                  daemon [_thread_blocked, id=13408, stack(0x0000003e17600000,0x0000003e17700000) (1024K)]
  0x000002181e5ca320 JavaThread "Signal Dispatcher"          daemon [_thread_blocked, id=15304, stack(0x0000003e17700000,0x0000003e17800000) (1024K)]
  0x000002181e5cd0f0 JavaThread "Attach Listener"            daemon [_thread_blocked, id=17920, stack(0x0000003e17800000,0x0000003e17900000) (1024K)]
  0x000002181e5cdb50 JavaThread "Service Thread"             daemon [_thread_blocked, id=17716, stack(0x0000003e17900000,0x0000003e17a00000) (1024K)]
  0x000002181e5ce6e0 JavaThread "Monitor Deflation Thread"   daemon [_thread_blocked, id=15432, stack(0x0000003e17a00000,0x0000003e17b00000) (1024K)]
  0x000002181e5d4bf0 JavaThread "C2 CompilerThread0"         daemon [_thread_blocked, id=22204, stack(0x0000003e17b00000,0x0000003e17c00000) (1024K)]
  0x000002181e5d73e0 JavaThread "C1 CompilerThread0"         daemon [_thread_blocked, id=16048, stack(0x0000003e17c00000,0x0000003e17d00000) (1024K)]
  0x000002181e7e6040 JavaThread "Common-Cleaner"             daemon [_thread_blocked, id=18840, stack(0x0000003e17d00000,0x0000003e17e00000) (1024K)]
  0x000002186410c520 JavaThread "Notification Thread"        daemon [_thread_blocked, id=10932, stack(0x0000003e18000000,0x0000003e18100000) (1024K)]
  0x000002186459b490 JavaThread "QuantumRenderer-0"          daemon [_thread_blocked, id=16440, stack(0x0000003e18100000,0x0000003e18200000) (1024K)]
  0x00000218642a7db0 JavaThread "InvokeLaterDispatcher"      daemon [_thread_blocked, id=28188, stack(0x0000003e17f00000,0x0000003e18000000) (1024K)]
  0x00000218647f14a0 JavaThread "JavaFX Application Thread"         [_thread_blocked, id=14316, stack(0x0000003e18200000,0x0000003e18300000) (1024K)]
  0x00000218649619c0 JavaThread "Thread-1"                   daemon [_thread_blocked, id=7188, stack(0x0000003e18b00000,0x0000003e18c00000) (1024K)]
  0x0000021864939870 JavaThread "JavaFX-Launcher"                   [_thread_blocked, id=21052, stack(0x0000003e17e00000,0x0000003e17f00000) (1024K)]
  0x0000021864d08180 JavaThread "Prism Font Disposer"        daemon [_thread_blocked, id=25808, stack(0x0000003e18d00000,0x0000003e18e00000) (1024K)]
  0x0000021864d07af0 JavaThread "Cleaner-0"                  daemon [_thread_blocked, id=31152, stack(0x0000003e19500000,0x0000003e19600000) (1024K)]
  0x0000021864d08ea0 JavaThread "OkHttp http://localhost:8080/..."        [_thread_blocked, id=21364, stack(0x0000003e19700000,0x0000003e19800000) (1024K)]
  0x00000218653b9090 JavaThread "OkHttp TaskRunner"          daemon [_thread_blocked, id=24852, stack(0x0000003e19900000,0x0000003e19a00000) (1024K)]
  0x00000218653be5e0 JavaThread "Okio Watchdog"              daemon [_thread_blocked, id=26984, stack(0x0000003e19a00000,0x0000003e19b00000) (1024K)]
  0x00000218653bb7f0 JavaThread "OkHttp TaskRunner"          daemon [_thread_blocked, id=16500, stack(0x0000003e18e00000,0x0000003e18f00000) (1024K)]
  0x00000218653b7ce0 JavaThread "OkHttp TaskRunner"          daemon [_thread_blocked, id=5532, stack(0x0000003e19b00000,0x0000003e19c00000) (1024K)]
  0x00000218653b8370 JavaThread "ForkJoinPool-1-worker-2"    daemon [_thread_blocked, id=8656, stack(0x0000003e19600000,0x0000003e19700000) (1024K)]
  0x00000218653bd8c0 JavaThread "VirtualThread-unparker"     daemon [_thread_blocked, id=14268, stack(0x0000003e19c00000,0x0000003e19d00000) (1024K)]
  0x00000218653bd230 JavaThread "Thread-3"                          [_thread_in_native, id=16984, stack(0x0000003e19f00000,0x0000003e1a000000) (1024K)]
  0x00000218653baad0 JavaThread "Thread-4"                          [_thread_blocked, id=28156, stack(0x0000003e1a800000,0x0000003e1a900000) (1024K)]
  0x00000218653bc510 JavaThread "ForkJoinPool-1-worker-3"    daemon [_thread_blocked, id=29964, stack(0x0000003e18c00000,0x0000003e18d00000) (1024K)]
  0x00000218653bcba0 JavaThread "Thread-5"                          [_thread_in_native, id=16868, stack(0x0000003e1ab00000,0x0000003e1ac00000) (1024K)]
  0x00000218653bf300 JavaThread "Thread-6"                          [_thread_blocked, id=12712, stack(0x0000003e1b400000,0x0000003e1b500000) (1024K)]
  0x00000218653bdf50 JavaThread "Thread-7"                          [_thread_in_native, id=12056, stack(0x0000003e1b700000,0x0000003e1b800000) (1024K)]
  0x00000218653bec70 JavaThread "Thread-8"                          [_thread_blocked, id=11212, stack(0x0000003e1c000000,0x0000003e1c100000) (1024K)]
  0x00000218653b8a00 JavaThread "Thread-9"                          [_thread_in_native, id=11352, stack(0x0000003e1c300000,0x0000003e1c400000) (1024K)]
  0x00000218653b9720 JavaThread "Thread-10"                         [_thread_blocked, id=28112, stack(0x0000003e1cc00000,0x0000003e1cd00000) (1024K)]
Total: 34

Other Threads:
  0x000002181e5a65c0 VMThread "VM Thread"                           [id=8664, stack(0x0000003e17400000,0x0000003e17500000) (1024K)]
  0x000002181e58b000 WatcherThread "VM Periodic Task Thread"        [id=27872, stack(0x0000003e17300000,0x0000003e17400000) (1024K)]
  0x000002187d227c40 WorkerThread "GC Thread#0"                     [id=11456, stack(0x0000003e16e00000,0x0000003e16f00000) (1024K)]
  0x00000218648f25f0 WorkerThread "GC Thread#1"                     [id=27692, stack(0x0000003e18600000,0x0000003e18700000) (1024K)]
  0x00000218647d7100 WorkerThread "GC Thread#2"                     [id=7460, stack(0x0000003e18700000,0x0000003e18800000) (1024K)]
  0x00000218647d74a0 WorkerThread "GC Thread#3"                     [id=26480, stack(0x0000003e18800000,0x0000003e18900000) (1024K)]
=>0x00000218647dbbd0 WorkerThread "GC Thread#4"                     [id=25680, stack(0x0000003e18900000,0x0000003e18a00000) (1024K)]
  0x00000218647dbf70 WorkerThread "GC Thread#5"                     [id=26900, stack(0x0000003e18a00000,0x0000003e18b00000) (1024K)]
  0x0000021864d72b50 WorkerThread "GC Thread#6"                     [id=11304, stack(0x0000003e19200000,0x0000003e19300000) (1024K)]
  0x0000021864d73290 WorkerThread "GC Thread#7"                     [id=20996, stack(0x0000003e19300000,0x0000003e19400000) (1024K)]
  0x000002187d238be0 ConcurrentGCThread "G1 Main Marker"            [id=15444, stack(0x0000003e16f00000,0x0000003e17000000) (1024K)]
  0x000002187d239e80 WorkerThread "G1 Conc#0"                       [id=31680, stack(0x0000003e17000000,0x0000003e17100000) (1024K)]
  0x0000021864d72070 WorkerThread "G1 Conc#1"                       [id=28312, stack(0x0000003e19d00000,0x0000003e19e00000) (1024K)]
  0x000002181e44f160 ConcurrentGCThread "G1 Refine#0"               [id=22612, stack(0x0000003e17100000,0x0000003e17200000) (1024K)]
  0x000002181e44fae0 ConcurrentGCThread "G1 Service"                [id=9976, stack(0x0000003e17200000,0x0000003e17300000) (1024K)]
Total: 15

Threads with active compile tasks:
Total: 0

VM state: at safepoint (normal execution)

VM Mutex/Monitor currently owned by a thread:  ([mutex/lock_event])
[0x00007ffc5404ca78] Threads_lock - owner thread: 0x000002181e5a65c0
[0x00007ffc5404cb78] Heap_lock - owner thread: 0x000002186459b490

Heap address: 0x0000000701e00000, size: 4066 MB, Compressed Oops mode: Zero based, Oop shift amount: 3

CDS archive(s) mapped at: [0x000002181f000000-0x000002181fc90000-0x000002181fc90000), size 13172736, SharedBaseAddress: 0x000002181f000000, ArchiveRelocationMode: 1.
Compressed class space mapped at: 0x0000021820000000-0x0000021860000000, reserved size: 1073741824
Narrow klass base: 0x000002181f000000, Narrow klass shift: 0, Narrow klass range: 0x100000000

GC Precious Log:
 CardTable entry size: 512
 Card Set container configuration: InlinePtr #cards 4 size 8 Array Of Cards #cards 16 size 48 Howl #buckets 8 coarsen threshold 3686 Howl Bitmap #cards 512 size 80 coarsen threshold 460 Card regions per heap region 1 cards per card region 4096
 CPUs: 8 total, 8 available
 Memory: 16262M
 Large Page Support: Disabled
 NUMA Support: Disabled
 Compressed Oops: Enabled (Zero based)
 Heap Region Size: 2M
 Heap Min Capacity: 8M
 Heap Initial Capacity: 256M
 Heap Max Capacity: 4066M
 Pre-touch: Disabled
 Parallel Workers: 8
 Concurrent Workers: 2
 Concurrent Refinement Workers: 8
 Periodic GC: Disabled

Heap:
 garbage-first heap   total 71680K, used 57920K [0x0000000701e00000, 0x0000000800000000)
  region size 2048K, 18 young (36864K), 2 survivors (4096K)
 Metaspace       used 22873K, committed 23296K, reserved 1114112K
  class space    used 2727K, committed 2944K, reserved 1048576K

Heap Regions: E=young(eden), S=young(survivor), O=old, HS=humongous(starts), HC=humongous(continues), CS=collection set, F=free, TAMS=top-at-mark-start, PB=parsable bottom
|   0|0x0000000701e00000, 0x0000000702000000, 0x0000000702000000|100%| O|  |TAMS 0x0000000701e00000| PB 0x0000000701e00000| Untracked 
|   1|0x0000000702000000, 0x0000000702200000, 0x0000000702200000|100%|HS|  |TAMS 0x0000000702000000| PB 0x0000000702000000| Complete 
|   2|0x0000000702200000, 0x0000000702216890, 0x0000000702400000|  4%| O|Cm|TAMS 0x0000000702200000| PB 0x0000000702200000| Complete 
|   3|0x0000000702400000, 0x0000000702600000, 0x0000000702600000|100%|HS|  |TAMS 0x0000000702400000| PB 0x0000000702400000| Complete 
|   4|0x0000000702600000, 0x0000000702800000, 0x0000000702800000|100%|HS|  |TAMS 0x0000000702600000| PB 0x0000000702600000| Complete 
|   5|0x0000000702800000, 0x0000000702a00000, 0x0000000702a00000|100%|HS|  |TAMS 0x0000000702800000| PB 0x0000000702800000| Complete 
|   6|0x0000000702a00000, 0x0000000702c00000, 0x0000000702c00000|100%|HC|  |TAMS 0x0000000702a00000| PB 0x0000000702a00000| Complete 
|   7|0x0000000702c00000, 0x0000000702e00000, 0x0000000702e00000|100%|HS|  |TAMS 0x0000000702c00000| PB 0x0000000702c00000| Complete 
|   8|0x0000000702e00000, 0x0000000703000000, 0x0000000703000000|100%|HC|  |TAMS 0x0000000702e00000| PB 0x0000000702e00000| Complete 
|   9|0x0000000703000000, 0x0000000703200000, 0x0000000703200000|100%| E|CS|TAMS 0x0000000703000000| PB 0x0000000703000000| Complete 
|  10|0x0000000703200000, 0x0000000703400000, 0x0000000703400000|100%| E|CS|TAMS 0x0000000703200000| PB 0x0000000703200000| Complete 
|  11|0x0000000703400000, 0x0000000703600000, 0x0000000703600000|100%| E|CS|TAMS 0x0000000703400000| PB 0x0000000703400000| Complete 
|  12|0x0000000703600000, 0x0000000703800000, 0x0000000703800000|100%| E|CS|TAMS 0x0000000703600000| PB 0x0000000703600000| Complete 
|  13|0x0000000703800000, 0x0000000703a00000, 0x0000000703a00000|100%| E|CS|TAMS 0x0000000703800000| PB 0x0000000703800000| Complete 
|  14|0x0000000703a00000, 0x0000000703c00000, 0x0000000703c00000|100%| E|CS|TAMS 0x0000000703a00000| PB 0x0000000703a00000| Complete 
|  15|0x0000000703c00000, 0x0000000703e00000, 0x0000000703e00000|100%| E|CS|TAMS 0x0000000703c00000| PB 0x0000000703c00000| Complete 
|  16|0x0000000703e00000, 0x0000000704000000, 0x0000000704000000|100%| E|CS|TAMS 0x0000000703e00000| PB 0x0000000703e00000| Complete 
|  17|0x0000000704000000, 0x0000000704200000, 0x0000000704200000|100%| E|CS|TAMS 0x0000000704000000| PB 0x0000000704000000| Complete 
|  18|0x0000000704200000, 0x0000000704400000, 0x0000000704400000|100%| E|CS|TAMS 0x0000000704200000| PB 0x0000000704200000| Complete 
|  19|0x0000000704400000, 0x0000000704600000, 0x0000000704600000|100%| E|CS|TAMS 0x0000000704400000| PB 0x0000000704400000| Complete 
|  20|0x0000000704600000, 0x0000000704800000, 0x0000000704800000|100%| E|CS|TAMS 0x0000000704600000| PB 0x0000000704600000| Complete 
|  21|0x0000000704800000, 0x0000000704a00000, 0x0000000704a00000|100%| E|CS|TAMS 0x0000000704800000| PB 0x0000000704800000| Complete 
|  22|0x0000000704a00000, 0x0000000704c00000, 0x0000000704c00000|100%| E|CS|TAMS 0x0000000704a00000| PB 0x0000000704a00000| Complete 
|  23|0x0000000704c00000, 0x0000000704e00000, 0x0000000704e00000|100%| E|CS|TAMS 0x0000000704c00000| PB 0x0000000704c00000| Complete 
|  24|0x0000000704e00000, 0x0000000705000000, 0x0000000705000000|100%| S|  |TAMS 0x0000000704e00000| PB 0x0000000704e00000| Complete 
|  25|0x0000000705000000, 0x0000000705200000, 0x0000000705200000|100%| S|  |TAMS 0x0000000705000000| PB 0x0000000705000000| Complete 
| 102|0x000000070ea00000, 0x000000070ea79a40, 0x000000070ec00000| 23%| E|CS|TAMS 0x000000070ea00000| PB 0x000000070ea00000| Complete 
| 106|0x000000070f200000, 0x000000070f400000, 0x000000070f400000|100%| E|CS|TAMS 0x000000070f200000| PB 0x000000070f200000| Complete 
| 107|0x000000070f400000, 0x000000070f600000, 0x000000070f600000|100%| E|CS|TAMS 0x000000070f400000| PB 0x000000070f400000| Complete 
| 108|0x000000070f600000, 0x000000070f800000, 0x000000070f800000|100%| E|CS|TAMS 0x000000070f600000| PB 0x000000070f600000| Complete 
| 109|0x000000070f800000, 0x000000070fa00000, 0x000000070fa00000|100%| E|CS|TAMS 0x000000070f800000| PB 0x000000070f800000| Complete 
| 127|0x0000000711c00000, 0x0000000711e00000, 0x0000000711e00000|100%| E|CS|TAMS 0x0000000711c00000| PB 0x0000000711c00000| Complete 
|2030|0x00000007ffa00000, 0x00000007ffabe0d0, 0x00000007ffc00000| 37%| O|  |TAMS 0x00000007ffa00000| PB 0x00000007ffa00000| Untracked 
|2031|0x00000007ffc00000, 0x00000007ffe00000, 0x00000007ffe00000|100%| O|  |TAMS 0x00000007ffc00000| PB 0x00000007ffc00000| Untracked 
|2032|0x00000007ffe00000, 0x0000000800000000, 0x0000000800000000|100%| O|  |TAMS 0x00000007ffe00000| PB 0x00000007ffe00000| Untracked 

Card table byte_map: [0x0000021817610000,0x0000021817e10000] _byte_map_base: 0x0000021813e01000

Marking Bits: (CMBitMap*) 0x000002187d228340
 Bits: [0x0000021817e10000, 0x000002181bd98000)

Polling page: 0x000002187d280000

Metaspace:

Usage:
  Non-class:     19.67 MB used.
      Class:      2.66 MB used.
       Both:     22.34 MB used.

Virtual space:
  Non-class space:       64.00 MB reserved,      19.88 MB ( 31%) committed,  1 nodes.
      Class space:        1.00 GB reserved,       2.88 MB ( <1%) committed,  1 nodes.
             Both:        1.06 GB reserved,      22.75 MB (  2%) committed. 

Chunk freelists:
   Non-Class:  11.47 MB
       Class:  13.05 MB
        Both:  24.52 MB

MaxMetaspaceSize: unlimited
CompressedClassSpaceSize: 1.00 GB
Initial GC threshold: 21.00 MB
Current GC threshold: 35.12 MB
CDS: on
 - commit_granule_bytes: 65536.
 - commit_granule_words: 8192.
 - virtual_space_node_default_size: 8388608.
 - enlarge_chunks_in_place: 1.
 - use_allocation_guard: 0.


Internal statistics:

num_allocs_failed_limit: 3.
num_arena_births: 430.
num_arena_deaths: 0.
num_vsnodes_births: 2.
num_vsnodes_deaths: 0.
num_space_committed: 364.
num_space_uncommitted: 0.
num_chunks_returned_to_freelist: 3.
num_chunks_taken_from_freelist: 1104.
num_chunk_merges: 3.
num_chunk_splits: 766.
num_chunks_enlarged: 551.
num_inconsistent_stats: 0.

CodeHeap 'non-profiled nmethods': size=120000Kb used=2642Kb max_used=2642Kb free=117357Kb
 bounds [0x00000218100e0000, 0x0000021810380000, 0x0000021817610000]
CodeHeap 'profiled nmethods': size=120000Kb used=10221Kb max_used=10221Kb free=109778Kb
 bounds [0x0000021808610000, 0x0000021809010000, 0x000002180fb40000]
CodeHeap 'non-nmethods': size=5760Kb used=1889Kb max_used=1945Kb free=3870Kb
 bounds [0x000002180fb40000, 0x000002180fdb0000, 0x00000218100e0000]
 total_blobs=5842 nmethods=4958 adapters=788
 compilation: enabled
              stopped_count=0, restarted_count=0
 full_count=0

Compilation events (20 events):
Event: 51.519 Thread 0x000002181e5d73e0 nmethod 4948 0x0000021809008590 code [0x0000021809008720, 0x0000021809008818]
Event: 51.530 Thread 0x000002181e5d4bf0 nmethod 4946 0x000002181036f090 code [0x000002181036f240, 0x000002181036f730]
Event: 51.540 Thread 0x000002181e5d4bf0 4949       4       com.sun.javafx.sg.prism.NGGroup::computeRenderRoot (398 bytes)
Event: 51.548 Thread 0x000002181e5d73e0 4951       3       okio.RealBufferedSource::readByte (22 bytes)
Event: 51.549 Thread 0x000002181e5d73e0 nmethod 4951 0x0000021809008890 code [0x0000021809008a40, 0x0000021809008be0]
Event: 51.549 Thread 0x000002181e5d73e0 4952       3       okio.Buffer::readByte (99 bytes)
Event: 51.550 Thread 0x000002181e5d73e0 nmethod 4952 0x0000021809008d10 code [0x0000021809008f60, 0x00000218090097e8]
Event: 51.551 Thread 0x000002181e5d73e0 4953   !   3       sun.nio.ch.NioSocketImpl::tryRead (87 bytes)
Event: 51.552 Thread 0x000002181e5d73e0 nmethod 4953 0x0000021809009b10 code [0x0000021809009d20, 0x000002180900a2d8]
Event: 51.552 Thread 0x000002181e5d73e0 4954       3       sun.nio.ch.SocketDispatcher::read (8 bytes)
Event: 51.552 Thread 0x000002181e5d73e0 nmethod 4954 0x000002180900a610 code [0x000002180900a7c0, 0x000002180900a900]
Event: 51.552 Thread 0x000002181e5d73e0 4956       3       org.json.JSONObject::optString (25 bytes)
Event: 51.553 Thread 0x000002181e5d73e0 nmethod 4956 0x000002180900a990 code [0x000002180900ab80, 0x000002180900b058]
Event: 51.562 Thread 0x000002181e5d73e0 4957       3       java.util.concurrent.TimeUnit::toNanos (45 bytes)
Event: 51.563 Thread 0x000002181e5d73e0 nmethod 4957 0x000002180900b210 code [0x000002180900b3c0, 0x000002180900b638]
Event: 51.671 Thread 0x000002181e5d4bf0 nmethod 4949 0x000002181036fe90 code [0x0000021810370320, 0x0000021810372528]
Event: 51.672 Thread 0x000002181e5d4bf0 4950       4       java.nio.CharBuffer::arrayOffset (35 bytes)
Event: 51.674 Thread 0x000002181e5d4bf0 nmethod 4950 0x0000021810373c90 code [0x0000021810373e20, 0x0000021810373ee8]
Event: 51.674 Thread 0x000002181e5d4bf0 4958       4       javafx.scene.layout.GridPane::getNodeColumnSpan (18 bytes)
Event: 51.695 Thread 0x000002181e5d4bf0 nmethod 4958 0x0000021810373f90 code [0x00000218103741a0, 0x0000021810374760]

GC Heap History (7 events):
Event: 1.163 GC heap before
{Heap before GC invocations=0 (full 0):
 garbage-first heap   total 262144K, used 20480K [0x0000000701e00000, 0x0000000800000000)
  region size 2048K, 11 young (22528K), 0 survivors (0K)
 Metaspace       used 3660K, committed 3840K, reserved 1114112K
  class space    used 375K, committed 448K, reserved 1048576K
}
Event: 1.168 GC heap after
{Heap after GC invocations=1 (full 0):
 garbage-first heap   total 262144K, used 2175K [0x0000000701e00000, 0x0000000800000000)
  region size 2048K, 2 young (4096K), 2 survivors (4096K)
 Metaspace       used 3660K, committed 3840K, reserved 1114112K
  class space    used 375K, committed 448K, reserved 1048576K
}
Event: 2.567 GC heap before
{Heap before GC invocations=1 (full 0):
 garbage-first heap   total 262144K, used 41087K [0x0000000701e00000, 0x0000000800000000)
  region size 2048K, 22 young (45056K), 2 survivors (4096K)
 Metaspace       used 12898K, committed 13248K, reserved 1114112K
  class space    used 1869K, committed 2048K, reserved 1048576K
}
Event: 2.575 GC heap after
{Heap after GC invocations=2 (full 0):
 garbage-first heap   total 262144K, used 6755K [0x0000000701e00000, 0x0000000800000000)
  region size 2048K, 3 young (6144K), 3 survivors (6144K)
 Metaspace       used 12898K, committed 13248K, reserved 1114112K
  class space    used 1869K, committed 2048K, reserved 1048576K
}
Event: 8.142 GC heap before
{Heap before GC invocations=2 (full 0):
 garbage-first heap   total 262144K, used 41571K [0x0000000701e00000, 0x0000000800000000)
  region size 2048K, 21 young (43008K), 3 survivors (6144K)
 Metaspace       used 21085K, committed 21504K, reserved 1114112K
  class space    used 2667K, committed 2880K, reserved 1048576K
}
Event: 8.149 GC heap after
{Heap after GC invocations=3 (full 0):
 garbage-first heap   total 262144K, used 12864K [0x0000000701e00000, 0x0000000800000000)
  region size 2048K, 5 young (10240K), 5 survivors (10240K)
 Metaspace       used 21085K, committed 21504K, reserved 1114112K
  class space    used 2667K, committed 2880K, reserved 1048576K
}
Event: 51.798 GC heap before
{Heap before GC invocations=4 (full 0):
 garbage-first heap   total 61440K, used 57920K [0x0000000701e00000, 0x0000000800000000)
  region size 2048K, 21 young (43008K), 5 survivors (10240K)
 Metaspace       used 22873K, committed 23296K, reserved 1114112K
  class space    used 2727K, committed 2944K, reserved 1048576K
}

Dll operation events (20 events):
Event: 0.849 Loaded shared library C:\Users\Kinsl\.openjfx\cache\21+31\amd64\api-ms-win-crt-multibyte-l1-1-0.dll
Event: 0.855 Loaded shared library C:\Users\Kinsl\.openjfx\cache\21+31\amd64\api-ms-win-crt-private-l1-1-0.dll
Event: 0.860 Loaded shared library C:\Users\Kinsl\.openjfx\cache\21+31\amd64\api-ms-win-crt-process-l1-1-0.dll
Event: 0.865 Loaded shared library C:\Users\Kinsl\.openjfx\cache\21+31\amd64\api-ms-win-crt-runtime-l1-1-0.dll
Event: 0.869 Loaded shared library C:\Users\Kinsl\.openjfx\cache\21+31\amd64\api-ms-win-crt-stdio-l1-1-0.dll
Event: 0.875 Loaded shared library C:\Users\Kinsl\.openjfx\cache\21+31\amd64\api-ms-win-crt-string-l1-1-0.dll
Event: 0.881 Loaded shared library C:\Users\Kinsl\.openjfx\cache\21+31\amd64\api-ms-win-crt-time-l1-1-0.dll
Event: 0.887 Loaded shared library C:\Users\Kinsl\.openjfx\cache\21+31\amd64\api-ms-win-crt-utility-l1-1-0.dll
Event: 0.913 Loaded shared library C:\Users\Kinsl\.openjfx\cache\21+31\amd64\ucrtbase.dll
Event: 0.920 Loaded shared library C:\Users\Kinsl\.openjfx\cache\21+31\amd64\vcruntime140.dll
Event: 0.925 Loaded shared library C:\Users\Kinsl\.openjfx\cache\21+31\amd64\vcruntime140_1.dll
Event: 0.940 Loaded shared library C:\Users\Kinsl\.openjfx\cache\21+31\amd64\msvcp140.dll
Event: 0.944 Loaded shared library C:\Users\Kinsl\.openjfx\cache\21+31\amd64\msvcp140_1.dll
Event: 0.952 Loaded shared library C:\Users\Kinsl\.openjfx\cache\21+31\amd64\msvcp140_2.dll
Event: 1.017 Loaded shared library C:\Users\Kinsl\.openjfx\cache\21+31\amd64\prism_d3d.dll
Event: 1.083 Loaded shared library C:\Users\Kinsl\.openjfx\cache\21+31\amd64\glass.dll
Event: 1.234 Loaded shared library C:\Users\Kinsl\.jdks\liberica-21.0.1-1\bin\jimage.dll
Event: 1.590 Loaded shared library C:\Users\Kinsl\.openjfx\cache\21+31\amd64\javafx_font.dll
Event: 4.259 Loaded shared library C:\Users\Kinsl\.jdks\liberica-21.0.1-1\bin\sunmscapi.dll
Event: 8.131 Loaded shared library C:\Users\Kinsl\AppData\Local\Temp\webrtc-java11064717546997372781.dll

Deoptimization events (20 events):
Event: 46.101 Thread 0x000002186459b490 Uncommon trap: trap_request=0xffffff45 fr.pc=0x000002181029e040 relative=0x0000000000000b00
Event: 46.101 Thread 0x000002186459b490 Uncommon trap: reason=unstable_if action=reinterpret pc=0x000002181029e040 method=com.sun.javafx.sg.prism.NGNode.computeNodeRenderRoot(Lcom/sun/javafx/sg/prism/NodePath;Lcom/sun/javafx/geom/RectBounds;ILcom/sun/javafx/geom/transform/BaseTransform;Lcom/sun
Event: 46.101 Thread 0x000002186459b490 DEOPT PACKING pc=0x000002181029e040 sp=0x0000003e181feb00
Event: 46.102 Thread 0x000002186459b490 DEOPT UNPACKING pc=0x000002180fb946a2 sp=0x0000003e181fea18 mode 2
Event: 46.102 Thread 0x000002186459b490 Uncommon trap: trap_request=0xffffff45 fr.pc=0x0000021810325b20 relative=0x0000000000001020
Event: 46.102 Thread 0x000002186459b490 Uncommon trap: reason=unstable_if action=reinterpret pc=0x0000021810325b20 method=com.sun.javafx.sg.prism.NGNode.computeNodeRenderRoot(Lcom/sun/javafx/sg/prism/NodePath;Lcom/sun/javafx/geom/RectBounds;ILcom/sun/javafx/geom/transform/BaseTransform;Lcom/sun
Event: 46.102 Thread 0x000002186459b490 DEOPT PACKING pc=0x0000021810325b20 sp=0x0000003e181fea40
Event: 46.102 Thread 0x000002186459b490 DEOPT UNPACKING pc=0x000002180fb946a2 sp=0x0000003e181fea18 mode 2
Event: 46.108 Thread 0x000002186459b490 Uncommon trap: trap_request=0xffffff45 fr.pc=0x00000218102aebfc relative=0x0000000000000bfc
Event: 46.108 Thread 0x000002186459b490 Uncommon trap: reason=unstable_if action=reinterpret pc=0x00000218102aebfc method=com.sun.javafx.geom.transform.AffineBase.updateState2D()V @ 51 c2
Event: 46.108 Thread 0x000002186459b490 DEOPT PACKING pc=0x00000218102aebfc sp=0x0000003e181fdd40
Event: 46.108 Thread 0x000002186459b490 DEOPT UNPACKING pc=0x000002180fb946a2 sp=0x0000003e181fd910 mode 2
Event: 46.119 Thread 0x000002186459b490 Uncommon trap: trap_request=0xffffff45 fr.pc=0x000002181025229c relative=0x000000000000059c
Event: 46.119 Thread 0x000002186459b490 Uncommon trap: reason=unstable_if action=reinterpret pc=0x000002181025229c method=com.sun.javafx.geom.transform.AffineBase.updateState2D()V @ 51 c2
Event: 46.119 Thread 0x000002186459b490 DEOPT PACKING pc=0x000002181025229c sp=0x0000003e181fd590
Event: 46.119 Thread 0x000002186459b490 DEOPT UNPACKING pc=0x000002180fb946a2 sp=0x0000003e181fd468 mode 2
Event: 46.135 Thread 0x000002186459b490 Uncommon trap: trap_request=0xffffff45 fr.pc=0x000002181024e400 relative=0x0000000000000220
Event: 46.135 Thread 0x000002186459b490 Uncommon trap: reason=unstable_if action=reinterpret pc=0x000002181024e400 method=com.sun.javafx.geom.transform.AffineBase.updateState2D()V @ 51 c2
Event: 46.135 Thread 0x000002186459b490 DEOPT PACKING pc=0x000002181024e400 sp=0x0000003e181fd4f0
Event: 46.135 Thread 0x000002186459b490 DEOPT UNPACKING pc=0x000002180fb946a2 sp=0x0000003e181fd488 mode 2

Classes loaded (20 events):
Event: 8.151 Loading class java/io/DeleteOnExitHook
Event: 8.151 Loading class java/io/DeleteOnExitHook done
Event: 8.151 Loading class java/io/DeleteOnExitHook$1
Event: 8.152 Loading class java/io/DeleteOnExitHook$1 done
Event: 9.056 Loading class java/util/concurrent/CompletableFuture
Event: 9.057 Loading class java/util/concurrent/CompletionStage
Event: 9.057 Loading class java/util/concurrent/CompletionStage done
Event: 9.058 Loading class java/util/concurrent/CompletableFuture done
Event: 9.058 Loading class java/util/concurrent/CompletableFuture$AltResult
Event: 9.058 Loading class java/util/concurrent/CompletableFuture$AltResult done
Event: 9.058 Loading class java/util/concurrent/CompletableFuture$Completion
Event: 9.061 Loading class java/util/concurrent/CompletableFuture$AsynchronousCompletionTask
Event: 9.061 Loading class java/util/concurrent/CompletableFuture$AsynchronousCompletionTask done
Event: 9.061 Loading class java/util/concurrent/CompletableFuture$Completion done
Event: 9.078 Loading class java/util/concurrent/CompletableFuture$UniAccept
Event: 9.078 Loading class java/util/concurrent/CompletableFuture$UniCompletion
Event: 9.079 Loading class java/util/concurrent/CompletableFuture$UniCompletion done
Event: 9.079 Loading class java/util/concurrent/CompletableFuture$UniAccept done
Event: 22.196 Loading class java/lang/foreign/MemorySegment
Event: 22.196 Loading class java/lang/foreign/MemorySegment done

Classes unloaded (0 events):
No events

Classes redefined (0 events):
No events

Internal exceptions (20 events):
Event: 2.037 Thread 0x00000218647f14a0 Exception <a 'java/lang/NoSuchMethodError'{0x000000070fe1e370}: 'java.lang.Object java.lang.invoke.DirectMethodHandle$Holder.invokeStaticInit(java.lang.Object, int, int, int, int)'> (0x000000070fe1e370) 
thrown [s\src\hotspot\share\interpreter\linkResolver.cpp, line 773]
Event: 2.086 Thread 0x00000218647f14a0 Exception <a 'java/lang/NoSuchMethodError'{0x000000070fedb8a8}: 'java.lang.Object java.lang.invoke.DirectMethodHandle$Holder.invokeStaticInit(java.lang.Object, java.lang.Object, int, int, int, int)'> (0x000000070fedb8a8) 
thrown [s\src\hotspot\share\interpreter\linkResolver.cpp, line 773]
Event: 2.102 Thread 0x00000218647f14a0 Exception <a 'java/lang/NoSuchMethodError'{0x000000070ff13f88}: 'java.lang.Object java.lang.invoke.Invokers$Holder.linkToTargetMethod(java.lang.Object, long, java.lang.Object)'> (0x000000070ff13f88) 
thrown [s\src\hotspot\share\interpreter\linkResolver.cpp, line 773]
Event: 2.116 Thread 0x00000218647f14a0 Exception <a 'java/lang/ClassNotFoundException'{0x000000070ff26a28}: sun/util/logging/resources/spi/loggingProvider> (0x000000070ff26a28) 
thrown [s\src\hotspot\share\classfile\systemDictionary.cpp, line 312]
Event: 2.150 Thread 0x00000218647f14a0 Implicit null exception at 0x00000218100ff4a9 to 0x00000218100ff7e9
Event: 2.179 Thread 0x00000218647f14a0 Implicit null exception at 0x000002181015b640 to 0x000002181015b904
Event: 2.181 Thread 0x00000218647f14a0 Implicit null exception at 0x0000021810132e40 to 0x000002181013310c
Event: 2.182 Thread 0x00000218647f14a0 Implicit null exception at 0x0000021810110c40 to 0x0000021810110cc5
Event: 2.425 Thread 0x00000218647f14a0 Exception <a 'java/lang/IncompatibleClassChangeError'{0x000000070f48d0a0}: Found class java.lang.Object, but interface was expected> (0x000000070f48d0a0) 
thrown [s\src\hotspot\share\interpreter\linkResolver.cpp, line 840]
Event: 2.637 Thread 0x00000218647f14a0 Exception <a 'java/lang/NoSuchMethodError'{0x0000000711d9ae20}: 'int java.lang.invoke.DirectMethodHandle$Holder.invokeSpecial(java.lang.Object, java.lang.Object, int)'> (0x0000000711d9ae20) 
thrown [s\src\hotspot\share\interpreter\linkResolver.cpp, line 773]
Event: 2.672 Thread 0x00000218647f14a0 Exception <a 'java/lang/NoSuchMethodError'{0x0000000711a3d938}: 'java.lang.Object java.lang.invoke.DirectMethodHandle$Holder.newInvokeSpecial(java.lang.Object, java.lang.Object, int)'> (0x0000000711a3d938) 
thrown [s\src\hotspot\share\interpreter\linkResolver.cpp, line 773]
Event: 2.765 Thread 0x000002186459b490 Exception <a 'java/lang/NoSuchMethodError'{0x0000000711bfdbf8}: 'int java.lang.invoke.DirectMethodHandle$Holder.invokeStaticInit(java.lang.Object, java.lang.Object)'> (0x0000000711bfdbf8) 
thrown [s\src\hotspot\share\interpreter\linkResolver.cpp, line 773]
Event: 4.222 Thread 0x00000218647f14a0 Exception <a 'java/lang/NoSuchMethodError'{0x0000000710f17110}: 'java.lang.Object java.lang.invoke.DirectMethodHandle$Holder.invokeStatic(java.lang.Object, java.lang.Object, int, java.lang.Object)'> (0x0000000710f17110) 
thrown [s\src\hotspot\share\interpreter\linkResolver.cpp, line 773]
Event: 4.444 Thread 0x00000218647f14a0 Exception <a 'sun/nio/fs/WindowsException'{0x00000007104cd650}> (0x00000007104cd650) 
thrown [s\src\hotspot\share\prims\jni.cpp, line 520]
Event: 4.611 Thread 0x0000021864d08ea0 Exception <a 'java/lang/ClassNotFoundException'{0x00000007100f9318}: jdk/net/ExtendedSocketOptions> (0x00000007100f9318) 
thrown [s\src\hotspot\share\classfile\systemDictionary.cpp, line 312]
Event: 5.023 Thread 0x0000021864d08ea0 Exception <a 'java/lang/NoSuchMethodError'{0x000000070fc02c60}: 'void java.lang.invoke.DirectMethodHandle$Holder.invokeStaticInit(java.lang.Object, java.lang.Object, java.lang.Object)'> (0x000000070fc02c60) 
thrown [s\src\hotspot\share\interpreter\linkResolver.cpp, line 773]
Event: 7.553 Thread 0x00000218647f14a0 Exception <a 'java/lang/NoSuchMethodError'{0x000000070fda8288}: 'long java.lang.invoke.DirectMethodHandle$Holder.invokeStatic(java.lang.Object, java.lang.Object, java.lang.Object)'> (0x000000070fda8288) 
thrown [s\src\hotspot\share\interpreter\linkResolver.cpp, line 773]
Event: 7.554 Thread 0x00000218647f14a0 Exception <a 'java/lang/NoSuchMethodError'{0x000000070fdab658}: 'long java.lang.invoke.DirectMethodHandle$Holder.invokeStaticInit(java.lang.Object, java.lang.Object, java.lang.Object)'> (0x000000070fdab658) 
thrown [s\src\hotspot\share\interpreter\linkResolver.cpp, line 773]
Event: 7.557 Thread 0x00000218647f14a0 Exception <a 'java/lang/NoSuchMethodError'{0x000000070fdbfb58}: 'java.lang.Object java.lang.invoke.DirectMethodHandle$Holder.newInvokeSpecial(java.lang.Object, java.lang.Object, long)'> (0x000000070fdbfb58) 
thrown [s\src\hotspot\share\interpreter\linkResolver.cpp, line 773]
Event: 38.832 Thread 0x00000218647f14a0 Implicit null exception at 0x00000218102a4ac0 to 0x00000218102a51d0

ZGC Phase Switch (0 events):
No events

VM Operations (20 events):
Event: 41.181 Executing VM operation: Cleanup done
Event: 42.182 Executing VM operation: Cleanup
Event: 42.182 Executing VM operation: Cleanup done
Event: 43.182 Executing VM operation: Cleanup
Event: 43.182 Executing VM operation: Cleanup done
Event: 44.182 Executing VM operation: Cleanup
Event: 44.183 Executing VM operation: Cleanup done
Event: 45.184 Executing VM operation: Cleanup
Event: 45.184 Executing VM operation: Cleanup done
Event: 46.184 Executing VM operation: Cleanup
Event: 46.184 Executing VM operation: Cleanup done
Event: 47.185 Executing VM operation: Cleanup
Event: 47.185 Executing VM operation: Cleanup done
Event: 48.186 Executing VM operation: Cleanup
Event: 48.186 Executing VM operation: Cleanup done
Event: 50.186 Executing VM operation: Cleanup
Event: 50.187 Executing VM operation: Cleanup done
Event: 51.779 Executing VM operation: G1CollectForAllocation (G1 Evacuation Pause)
Event: 51.798 Executing VM operation: G1CollectForAllocation (G1 Evacuation Pause) done
Event: 51.798 Executing VM operation: G1CollectForAllocation (GCLocker Initiated GC)

Events (20 events):
Event: 4.622 Thread 0x00000218653b9090 Thread added: 0x00000218653b9090
Event: 4.628 Thread 0x00000218653be5e0 Thread added: 0x00000218653be5e0
Event: 4.664 Thread 0x00000218651fefe0 Thread exited: 0x00000218651fefe0
Event: 4.674 Thread 0x00000218653bb7f0 Thread added: 0x00000218653bb7f0
Event: 4.676 Thread 0x00000218653b7ce0 Thread added: 0x00000218653b7ce0
Event: 5.015 Thread 0x000002186532e270 Thread exited: 0x000002186532e270
Event: 5.015 Thread 0x000002186532f930 Thread exited: 0x000002186532f930
Event: 5.028 Thread 0x00000218653ba440 Thread added: 0x00000218653ba440
Event: 5.031 Thread 0x00000218653b8370 Thread added: 0x00000218653b8370
Event: 5.033 Thread 0x00000218653bd8c0 Thread added: 0x00000218653bd8c0
Event: 9.065 Thread 0x00000218653bd230 Thread added: 0x00000218653bd230
Event: 10.052 Thread 0x00000218653baad0 Thread added: 0x00000218653baad0
Event: 35.034 Thread 0x00000218653ba440 Thread exited: 0x00000218653ba440
Event: 35.036 Thread 0x00000218653bc510 Thread added: 0x00000218653bc510
Event: 39.243 Thread 0x00000218653bcba0 Thread added: 0x00000218653bcba0
Event: 39.791 Thread 0x00000218653bf300 Thread added: 0x00000218653bf300
Event: 45.174 Thread 0x00000218653bdf50 Thread added: 0x00000218653bdf50
Event: 46.033 Thread 0x00000218653bec70 Thread added: 0x00000218653bec70
Event: 49.583 Thread 0x00000218653b8a00 Thread added: 0x00000218653b8a00
Event: 51.608 Thread 0x00000218653b9720 Thread added: 0x00000218653b9720


Dynamic libraries:
0x00007ff71ae70000 - 0x00007ff71ae7e000 	C:\Users\Kinsl\.jdks\liberica-21.0.1-1\bin\java.exe
0x00007ffcf7670000 - 0x00007ffcf7887000 	C:\Windows\SYSTEM32\ntdll.dll
0x00007ffcf6500000 - 0x00007ffcf65c4000 	C:\Windows\System32\KERNEL32.DLL
0x00007ffcf4bd0000 - 0x00007ffcf4f76000 	C:\Windows\System32\KERNELBASE.dll
0x00007ffcf52a0000 - 0x00007ffcf53b1000 	C:\Windows\System32\ucrtbase.dll
0x00007ffcd4f30000 - 0x00007ffcd4f4b000 	C:\Users\Kinsl\.jdks\liberica-21.0.1-1\bin\VCRUNTIME140.dll
0x00007ffccbcc0000 - 0x00007ffccbcd8000 	C:\Users\Kinsl\.jdks\liberica-21.0.1-1\bin\jli.dll
0x00007ffcf6990000 - 0x00007ffcf6b3e000 	C:\Windows\System32\USER32.dll
0x00007ffcf4b70000 - 0x00007ffcf4b96000 	C:\Windows\System32\win32u.dll
0x00007ffcd9d10000 - 0x00007ffcd9fa3000 	C:\Windows\WinSxS\amd64_microsoft.windows.common-controls_6595b64144ccf1df_6.0.22621.2506_none_270c5ae97388e100\COMCTL32.dll
0x00007ffcf6210000 - 0x00007ffcf6239000 	C:\Windows\System32\GDI32.dll
0x00007ffcf65e0000 - 0x00007ffcf6687000 	C:\Windows\System32\msvcrt.dll
0x00007ffcf49b0000 - 0x00007ffcf4ac8000 	C:\Windows\System32\gdi32full.dll
0x00007ffcf4ad0000 - 0x00007ffcf4b6a000 	C:\Windows\System32\msvcp_win.dll
0x00007ffcf5c20000 - 0x00007ffcf5c51000 	C:\Windows\System32\IMM32.DLL
0x00007ffccbcb0000 - 0x00007ffccbcbc000 	C:\Users\Kinsl\.jdks\liberica-21.0.1-1\bin\vcruntime140_1.dll
0x00007ffc7c740000 - 0x00007ffc7c7ce000 	C:\Users\Kinsl\.jdks\liberica-21.0.1-1\bin\msvcp140.dll
0x00007ffc53390000 - 0x00007ffc5412d000 	C:\Users\Kinsl\.jdks\liberica-21.0.1-1\bin\server\jvm.dll
0x00007ffcf6870000 - 0x00007ffcf6923000 	C:\Windows\System32\ADVAPI32.dll
0x00007ffcf7580000 - 0x00007ffcf7628000 	C:\Windows\System32\sechost.dll
0x00007ffcf4ba0000 - 0x00007ffcf4bc8000 	C:\Windows\System32\bcrypt.dll
0x00007ffcf6c70000 - 0x00007ffcf6d87000 	C:\Windows\System32\RPCRT4.dll
0x00007ffcf6340000 - 0x00007ffcf63b1000 	C:\Windows\System32\WS2_32.dll
0x00007ffcf37f0000 - 0x00007ffcf383d000 	C:\Windows\SYSTEM32\POWRPROF.dll
0x00007ffcf1f40000 - 0x00007ffcf1f4a000 	C:\Windows\SYSTEM32\VERSION.dll
0x00007ffced4f0000 - 0x00007ffced524000 	C:\Windows\SYSTEM32\WINMM.dll
0x00007ffcf37d0000 - 0x00007ffcf37e3000 	C:\Windows\SYSTEM32\UMPDC.dll
0x00007ffcf3a90000 - 0x00007ffcf3aa8000 	C:\Windows\SYSTEM32\kernel.appcore.dll
0x00007ffccbca0000 - 0x00007ffccbcaa000 	C:\Users\Kinsl\.jdks\liberica-21.0.1-1\bin\jimage.dll
0x00007ffcee7c0000 - 0x00007ffcee9f3000 	C:\Windows\SYSTEM32\DBGHELP.DLL
0x00007ffcf5e80000 - 0x00007ffcf6209000 	C:\Windows\System32\combase.dll
0x00007ffcf63c0000 - 0x00007ffcf6497000 	C:\Windows\System32\OLEAUT32.dll
0x00007ffcea220000 - 0x00007ffcea252000 	C:\Windows\SYSTEM32\dbgcore.DLL
0x00007ffcf4ff0000 - 0x00007ffcf506a000 	C:\Windows\System32\bcryptPrimitives.dll
0x00007ffcc7740000 - 0x00007ffcc775f000 	C:\Users\Kinsl\.jdks\liberica-21.0.1-1\bin\java.dll
0x00007ffcf53c0000 - 0x00007ffcf5c1a000 	C:\Windows\System32\SHELL32.dll
0x00007ffcf2890000 - 0x00007ffcf3186000 	C:\Windows\SYSTEM32\windows.storage.dll
0x00007ffcf2750000 - 0x00007ffcf288e000 	C:\Windows\SYSTEM32\wintypes.dll
0x00007ffcf6240000 - 0x00007ffcf6333000 	C:\Windows\System32\SHCORE.dll
0x00007ffcf6930000 - 0x00007ffcf698e000 	C:\Windows\System32\shlwapi.dll
0x00007ffcf48e0000 - 0x00007ffcf4906000 	C:\Windows\SYSTEM32\profapi.dll
0x00007ffc69750000 - 0x00007ffc69827000 	C:\Users\Kinsl\.jdks\liberica-21.0.1-1\bin\jsvml.dll
0x00007ffcc7730000 - 0x00007ffcc7740000 	C:\Users\Kinsl\.jdks\liberica-21.0.1-1\bin\net.dll
0x00007ffcf1e00000 - 0x00007ffcf1f37000 	C:\Windows\SYSTEM32\WINHTTP.dll
0x00007ffcf3f00000 - 0x00007ffcf3f69000 	C:\Windows\system32\mswsock.dll
0x00007ffc84440000 - 0x00007ffc84456000 	C:\Users\Kinsl\.jdks\liberica-21.0.1-1\bin\nio.dll
0x00007ffc84420000 - 0x00007ffc84438000 	C:\Users\Kinsl\.jdks\liberica-21.0.1-1\bin\zip.dll
0x000002181eb10000 - 0x000002181eb13000 	C:\Users\Kinsl\.openjfx\cache\21+31\amd64\api-ms-win-core-console-l1-1-0.dll
0x000002181eb20000 - 0x000002181eb23000 	C:\Users\Kinsl\.openjfx\cache\21+31\amd64\api-ms-win-core-console-l1-2-0.dll
0x000002181eb30000 - 0x000002181eb33000 	C:\Users\Kinsl\.openjfx\cache\21+31\amd64\api-ms-win-core-datetime-l1-1-0.dll
0x000002181eb40000 - 0x000002181eb43000 	C:\Users\Kinsl\.openjfx\cache\21+31\amd64\api-ms-win-core-debug-l1-1-0.dll
0x000002181eb50000 - 0x000002181eb53000 	C:\Users\Kinsl\.openjfx\cache\21+31\amd64\api-ms-win-core-errorhandling-l1-1-0.dll
0x000002181eb60000 - 0x000002181eb64000 	C:\Users\Kinsl\.openjfx\cache\21+31\amd64\api-ms-win-core-file-l1-1-0.dll
0x000002181eb70000 - 0x000002181eb73000 	C:\Users\Kinsl\.openjfx\cache\21+31\amd64\api-ms-win-core-file-l1-2-0.dll
0x000002181eb80000 - 0x000002181eb83000 	C:\Users\Kinsl\.openjfx\cache\21+31\amd64\api-ms-win-core-file-l2-1-0.dll
0x000002181eb90000 - 0x000002181eb93000 	C:\Users\Kinsl\.openjfx\cache\21+31\amd64\api-ms-win-core-handle-l1-1-0.dll
0x000002181eba0000 - 0x000002181eba3000 	C:\Users\Kinsl\.openjfx\cache\21+31\amd64\api-ms-win-core-heap-l1-1-0.dll
0x000002181ebb0000 - 0x000002181ebb3000 	C:\Users\Kinsl\.openjfx\cache\21+31\amd64\api-ms-win-core-interlocked-l1-1-0.dll
0x000002181ebc0000 - 0x000002181ebc3000 	C:\Users\Kinsl\.openjfx\cache\21+31\amd64\api-ms-win-core-libraryloader-l1-1-0.dll
0x000002181ebd0000 - 0x000002181ebd3000 	C:\Users\Kinsl\.openjfx\cache\21+31\amd64\api-ms-win-core-localization-l1-2-0.dll
0x000002181ebe0000 - 0x000002181ebe3000 	C:\Users\Kinsl\.openjfx\cache\21+31\amd64\api-ms-win-core-memory-l1-1-0.dll
0x000002181ebf0000 - 0x000002181ebf3000 	C:\Users\Kinsl\.openjfx\cache\21+31\amd64\api-ms-win-core-namedpipe-l1-1-0.dll
0x000002181ec00000 - 0x000002181ec03000 	C:\Users\Kinsl\.openjfx\cache\21+31\amd64\api-ms-win-core-processenvironment-l1-1-0.dll
0x000002181ec10000 - 0x000002181ec13000 	C:\Users\Kinsl\.openjfx\cache\21+31\amd64\api-ms-win-core-processthreads-l1-1-0.dll
0x000002181ec20000 - 0x000002181ec23000 	C:\Users\Kinsl\.openjfx\cache\21+31\amd64\api-ms-win-core-processthreads-l1-1-1.dll
0x000002181ec30000 - 0x000002181ec33000 	C:\Users\Kinsl\.openjfx\cache\21+31\amd64\api-ms-win-core-profile-l1-1-0.dll
0x000002181ec40000 - 0x000002181ec43000 	C:\Users\Kinsl\.openjfx\cache\21+31\amd64\api-ms-win-core-rtlsupport-l1-1-0.dll
0x000002181ec50000 - 0x000002181ec53000 	C:\Users\Kinsl\.openjfx\cache\21+31\amd64\api-ms-win-core-string-l1-1-0.dll
0x000002181ec60000 - 0x000002181ec63000 	C:\Users\Kinsl\.openjfx\cache\21+31\amd64\api-ms-win-core-synch-l1-1-0.dll
0x000002181ec70000 - 0x000002181ec73000 	C:\Users\Kinsl\.openjfx\cache\21+31\amd64\api-ms-win-core-synch-l1-2-0.dll
0x000002181ec80000 - 0x000002181ec83000 	C:\Users\Kinsl\.openjfx\cache\21+31\amd64\api-ms-win-core-sysinfo-l1-1-0.dll
0x000002181ec90000 - 0x000002181ec93000 	C:\Users\Kinsl\.openjfx\cache\21+31\amd64\api-ms-win-core-timezone-l1-1-0.dll
0x000002181eca0000 - 0x000002181eca3000 	C:\Users\Kinsl\.openjfx\cache\21+31\amd64\api-ms-win-core-util-l1-1-0.dll
0x000002181ecb0000 - 0x000002181ecb3000 	C:\Users\Kinsl\.openjfx\cache\21+31\amd64\api-ms-win-crt-conio-l1-1-0.dll
0x000002181ecc0000 - 0x000002181ecc4000 	C:\Users\Kinsl\.openjfx\cache\21+31\amd64\api-ms-win-crt-convert-l1-1-0.dll
0x000002181ecd0000 - 0x000002181ecd3000 	C:\Users\Kinsl\.openjfx\cache\21+31\amd64\api-ms-win-crt-environment-l1-1-0.dll
0x000002181ece0000 - 0x000002181ece3000 	C:\Users\Kinsl\.openjfx\cache\21+31\amd64\api-ms-win-crt-filesystem-l1-1-0.dll
0x000002181ecf0000 - 0x000002181ecf3000 	C:\Users\Kinsl\.openjfx\cache\21+31\amd64\api-ms-win-crt-heap-l1-1-0.dll
0x000002181ed00000 - 0x000002181ed03000 	C:\Users\Kinsl\.openjfx\cache\21+31\amd64\api-ms-win-crt-locale-l1-1-0.dll
0x000002181ed10000 - 0x000002181ed15000 	C:\Users\Kinsl\.openjfx\cache\21+31\amd64\api-ms-win-crt-math-l1-1-0.dll
0x000002181ed20000 - 0x000002181ed25000 	C:\Users\Kinsl\.openjfx\cache\21+31\amd64\api-ms-win-crt-multibyte-l1-1-0.dll
0x000002181ed30000 - 0x000002181ed40000 	C:\Users\Kinsl\.openjfx\cache\21+31\amd64\api-ms-win-crt-private-l1-1-0.dll
0x000002181ed40000 - 0x000002181ed43000 	C:\Users\Kinsl\.openjfx\cache\21+31\amd64\api-ms-win-crt-process-l1-1-0.dll
0x000002181ed50000 - 0x000002181ed54000 	C:\Users\Kinsl\.openjfx\cache\21+31\amd64\api-ms-win-crt-runtime-l1-1-0.dll
0x000002181ed60000 - 0x000002181ed64000 	C:\Users\Kinsl\.openjfx\cache\21+31\amd64\api-ms-win-crt-stdio-l1-1-0.dll
0x000002181ed70000 - 0x000002181ed74000 	C:\Users\Kinsl\.openjfx\cache\21+31\amd64\api-ms-win-crt-string-l1-1-0.dll
0x000002181ed80000 - 0x000002181ed83000 	C:\Users\Kinsl\.openjfx\cache\21+31\amd64\api-ms-win-crt-time-l1-1-0.dll
0x000002181ed90000 - 0x000002181ed93000 	C:\Users\Kinsl\.openjfx\cache\21+31\amd64\api-ms-win-crt-utility-l1-1-0.dll
0x00007ffc7c860000 - 0x00007ffc7c95c000 	C:\Users\Kinsl\.openjfx\cache\21+31\amd64\ucrtbase.dll
0x00007ffcbe320000 - 0x00007ffcbe33b000 	C:\Users\Kinsl\.openjfx\cache\21+31\amd64\vcruntime140.dll
0x00007ffcbe310000 - 0x00007ffcbe31c000 	C:\Users\Kinsl\.openjfx\cache\21+31\amd64\vcruntime140_1.dll
0x00007ffcab4d0000 - 0x00007ffcab55e000 	C:\Users\Kinsl\.openjfx\cache\21+31\amd64\msvcp140.dll
0x00007ffcf7220000 - 0x00007ffcf73c0000 	C:\Windows\System32\ole32.dll
0x00007ffcbe300000 - 0x00007ffcbe309000 	C:\Users\Kinsl\.openjfx\cache\21+31\amd64\msvcp140_1.dll
0x00007ffcab4a0000 - 0x00007ffcab4cf000 	C:\Users\Kinsl\.openjfx\cache\21+31\amd64\msvcp140_2.dll
0x00007ffca8a20000 - 0x00007ffca8a4f000 	C:\Users\Kinsl\.openjfx\cache\21+31\amd64\prism_d3d.dll
0x00007ffcd2fb0000 - 0x00007ffcd3159000 	C:\Windows\system32\d3d9.dll
0x00007ffcf1b20000 - 0x00007ffcf1b4b000 	C:\Windows\SYSTEM32\dwmapi.dll
0x00007ffcf1ca0000 - 0x00007ffcf1cd6000 	C:\Windows\SYSTEM32\dxcore.dll
0x00007ffcf18a0000 - 0x00007ffcf194b000 	C:\Windows\system32\uxtheme.dll
0x00007ffc8d220000 - 0x00007ffc8d3c2000 	C:\Windows\System32\DriverStore\FileRepository\iigd_dch.inf_amd64_d0b39b11619fd0c4\igdumdim64.dll
0x00007ffc89290000 - 0x00007ffc8cea0000 	C:\Windows\System32\DriverStore\FileRepository\iigd_dch.inf_amd64_d0b39b11619fd0c4\igd9dxva64.dll
0x00007ffcf6da0000 - 0x00007ffcf7214000 	C:\Windows\System32\SETUPAPI.dll
0x00007ffcf46a0000 - 0x00007ffcf46ee000 	C:\Windows\SYSTEM32\cfgmgr32.dll
0x00007ffce08b0000 - 0x00007ffce0c77000 	C:\Windows\System32\DriverStore\FileRepository\iigd_dch.inf_amd64_d0b39b11619fd0c4\igdgmm64.dll
0x00007ffce45f0000 - 0x00007ffce463a000 	C:\Windows\SYSTEM32\directxdatabasehelper.dll
0x00007ffca84f0000 - 0x00007ffca8532000 	C:\Users\Kinsl\.openjfx\cache\21+31\amd64\glass.dll
0x00007ffcf6b40000 - 0x00007ffcf6c39000 	C:\Windows\System32\COMDLG32.dll
0x00007ffcf6690000 - 0x00007ffcf67e0000 	C:\Windows\System32\MSCTF.dll
0x00007ffc88f60000 - 0x00007ffc88f87000 	C:\Windows\System32\DriverStore\FileRepository\iigd_dch.inf_amd64_d0b39b11619fd0c4\igdinfo64.dll
0x00007ffcdd1a0000 - 0x00007ffce0752000 	C:\Windows\System32\DriverStore\FileRepository\iigd_dch.inf_amd64_d0b39b11619fd0c4\igc64.dll
0x00007ffcbc2b0000 - 0x00007ffcbc2c4000 	C:\Users\Kinsl\.openjfx\cache\21+31\amd64\javafx_font.dll
0x00007ffcf0380000 - 0x00007ffcf05f3000 	C:\Windows\SYSTEM32\dwrite.dll
0x00007ffcf4250000 - 0x00007ffcf426b000 	C:\Windows\SYSTEM32\CRYPTSP.dll
0x00007ffcf39f0000 - 0x00007ffcf3a25000 	C:\Windows\system32\rsaenh.dll
0x00007ffcf3fa0000 - 0x00007ffcf3fcc000 	C:\Windows\SYSTEM32\USERENV.dll
0x00007ffcf4230000 - 0x00007ffcf423c000 	C:\Windows\SYSTEM32\CRYPTBASE.dll
0x00007ffcf3460000 - 0x00007ffcf348d000 	C:\Windows\SYSTEM32\IPHLPAPI.DLL
0x00007ffcf6d90000 - 0x00007ffcf6d99000 	C:\Windows\System32\NSI.dll
0x00007ffcf5c60000 - 0x00007ffcf5d10000 	C:\Windows\System32\clbcatq.dll
0x00007ffcf01d0000 - 0x00007ffcf0380000 	C:\Windows\SYSTEM32\WindowsCodecs.dll
0x00007ffcd4f70000 - 0x00007ffcd4fce000 	C:\Windows\system32\dataexchange.dll
0x00007ffcea9c0000 - 0x00007ffceac45000 	C:\Windows\system32\twinapi.appcore.dll
0x00007ffca84b0000 - 0x00007ffca84e2000 	C:\Program Files\Common Files\Microsoft Shared\Ink\rtscom.dll
0x00007ffcc8ce0000 - 0x00007ffcc8e2a000 	C:\Windows\SYSTEM32\textinputframework.dll
0x00007ffcf14c0000 - 0x00007ffcf15f4000 	C:\Windows\SYSTEM32\CoreMessaging.dll
0x00007ffcea640000 - 0x00007ffcea9ac000 	C:\Windows\SYSTEM32\CoreUIComponents.dll
0x00007ffcd3160000 - 0x00007ffcd35a5000 	C:\Windows\SYSTEM32\UIAutomationCore.DLL

dbghelp: loaded successfully - version: 4.0.5 - missing functions: none
symbol engine: initialized successfully - sym options: 0x614 - pdb path: .;C:\Users\Kinsl\.jdks\liberica-21.0.1-1\bin;C:\Windows\SYSTEM32;C:\Windows\WinSxS\amd64_microsoft.windows.common-controls_6595b64144ccf1df_6.0.22621.2506_none_270c5ae97388e100;C:\Users\Kinsl\.jdks\liberica-21.0.1-1\bin\server;C:\Users\Kinsl\.openjfx\cache\21+31\amd64;C:\Windows\System32\DriverStore\FileRepository\iigd_dch.inf_amd64_d0b39b11619fd0c4;C:\Program Files\Common Files\Microsoft Shared\Ink;C:\Users\Kinsl\AppData\Local\Temp

VM Arguments:
jvm_args: -Dfile.encoding=windows-1252 -Duser.country=US -Duser.language=en -Duser.variant --module-path=C:\Users\Kinsl\IdeaProjects-3\ripple-webrtc\clients-examples\javafx\g-streamer-demo\build\libs\g-streamer-demo-1.0.jar;C:\Users\Kinsl\IdeaProjects-3\ripple-webrtc\clients-examples\javafx\g-streamer-demo\build\classes\java\main;C:\Users\Kinsl\.gradle\caches\modules-2\files-2.1\org.openjfx\javafx-fxml\21\4a1cd270e1ae03ae73110eb68622afd457c6f903\javafx-fxml-21-win.jar;C:\Users\Kinsl\.gradle\caches\modules-2\files-2.1\org.openjfx\javafx-controls\21\76e295d84578a3d9688e092aae3f2ff1cf3e83a9\javafx-controls-21-win.jar;C:\Users\Kinsl\.gradle\caches\modules-2\files-2.1\org.openjfx\javafx-controls\21\f290138dcff0ee5679eebd2096f29dfa1f7563c6\javafx-controls-21.jar;C:\Users\Kinsl\.gradle\caches\modules-2\files-2.1\org.openjfx\javafx-media\21\f5e89e981be5c3c6f316b6f8b7b49686cd7c6d58\javafx-media-21-win.jar;C:\Users\Kinsl\.gradle\caches\modules-2\files-2.1\org.openjfx\javafx-graphics\21\8083d97ea236079c82cf8e3463b62990340346d4\javafx-graphics-21-win.jar;C:\Users\Kinsl\.gradle\caches\modules-2\files-2.1\org.openjfx\javafx-graphics\21\f8d0163c8bf9cffdcf2eac163446ea550b3051ca\javafx-graphics-21.jar;C:\Users\Kinsl\.gradle\caches\modules-2\files-2.1\org.openjfx\javafx-base\21\a7e334fbb619859e1010cad06ddcf16e774c87a0\javafx-base-21-win.jar;C:\Users\Kinsl\.gradle\caches\modules-2\files-2.1\org.openjfx\javafx-base\21\be7576df67c204d6d3f9c6c5d4db4e268ff22ff2\javafx-base-21.jar;C:\Users\Kinsl\.gradle\caches\modules-2\files-2.1\org.controlsfx\controlsfx\11.1.2\584bc3f468e2c33100fcdbb1daf0a3e095e5e031\controlsfx-11.1.2.jar;C:\Users\Kinsl\.gradle\caches\modules-2\files-2.1\org.kordamp.bootstrapfx\bootstrapfx-core\0.4.0\8d019b30266c00770cf29921d1008ad7feed0ed6\bootstrapfx-core-0.4.0.jar;C:\Users\Kinsl\.gradle\caches\modules-2\files-2.1\org.json\json\20231013\e22e0c040fe16f04ffdb85d851d77b07fc05ea52\json-20231013.jar;C:\Users\Kinsl\.gradle\caches\modules-2\files-2.1\com.squareup.okhttp3\okhttp\4.12.0\2f4525d4a200e97e1b87449c2cd9bd2e25b7e8cd\okhttp-4.12.0.jar;C:\Users\Kinsl\.gradl-Djdk.module.main=africa.jopen.gstreamerdemo 
java_command: africa.jopen.gstreamerdemo/africa.jopen.gstreamerdemo.App
java_class_path (initial): C:\Users\Kinsl\IdeaProjects-3\ripple-webrtc\clients-examples\javafx\g-streamer-demo\build\resources\main
Launcher Type: SUN_STANDARD

[Global flags]
     intx CICompilerCount                          = 4                                         {product} {ergonomic}
     uint ConcGCThreads                            = 2                                         {product} {ergonomic}
     uint G1ConcRefinementThreads                  = 8                                         {product} {ergonomic}
   size_t G1HeapRegionSize                         = 2097152                                   {product} {ergonomic}
    uintx GCDrainStackTargetSize                   = 64                                        {product} {ergonomic}
   size_t InitialHeapSize                          = 268435456                                 {product} {ergonomic}
   size_t MarkStackSize                            = 4194304                                   {product} {ergonomic}
   size_t MaxHeapSize                              = 4263510016                                {product} {ergonomic}
   size_t MaxNewSize                               = 2556428288                                {product} {ergonomic}
   size_t MinHeapDeltaBytes                        = 2097152                                   {product} {ergonomic}
   size_t MinHeapSize                              = 8388608                                   {product} {ergonomic}
    uintx NonNMethodCodeHeapSize                   = 5839372                                {pd product} {ergonomic}
    uintx NonProfiledCodeHeapSize                  = 122909434                              {pd product} {ergonomic}
    uintx ProfiledCodeHeapSize                     = 122909434                              {pd product} {ergonomic}
    uintx ReservedCodeCacheSize                    = 251658240                              {pd product} {ergonomic}
     bool SegmentedCodeCache                       = true                                      {product} {ergonomic}
   size_t SoftMaxHeapSize                          = 4263510016                             {manageable} {ergonomic}
     bool UseCompressedOops                        = true                           {product lp64_product} {ergonomic}
     bool UseG1GC                                  = true                                      {product} {ergonomic}
     bool UseLargePagesIndividualAllocation        = false                                  {pd product} {ergonomic}

Logging:
Log output configuration:
 #0: stdout all=warning uptime,level,tags foldmultilines=false
 #1: stderr all=off uptime,level,tags foldmultilines=false

Environment Variables:
JAVA_HOME=C:\Users\Kinsl\.jdks\azul-11.0.18
PATH=C:\Python312\Scripts\;C:\Python312\;C:\Windows\system32;C:\Windows;C:\Windows\System32\Wbem;C:\Windows\System32\WindowsPowerShell\v1.0\;C:\Windows\System32\OpenSSH\;C:\Users\Kinsl\.jdks\graalvm-ce-19\bin;C:\Program Files\Microsoft SQL Server\150\Tools\Binn\;C:\Program Files\PuTTY\;C:\Program Files\PostgreSQL\15\bin\psql.exe;C:\Program Files\Microsoft Visual Studio\2022\Community\VC\Auxiliary\Build;C:\Program Files\Microsoft Visual Studio\2022\Community\VC\Tools\MSVC\14.35.32215\bin\Hostx64\x64;C:\xampp\php;C:\composer;C:\gstreamer\1.0\msvc_x86_64\bin;C:\gstreamer\1.0\msvc_x86_64;C:\gstreamer\1.0\msvc_x86_64\bin\gst-launch-1.0.exe;C:\ProgramData\chocolatey\bin;C:\ProgramData\chocolatey\lib\ffmpeg-full\tools\ffmpeg\bin;C:\Program Files\Microsoft Visual Studio\2022\Community\MSBuild\Microsoft\VisualStudio\NodeJs;C:\Users\Kinsl\flutter\bin;C:\Users\Kinsl\.jdks\graalvm-ce-19\bin\gu;C:\Program Files\Git LFS;C:\Users\Kinsl\.cargo\bin\;C:\Windows\System32;C:\Program Files\dotnet\;C:\Program Files\Go\bin;C:\OpenCV;C:\OpenCV\x64\vc16\bin;C:\Program Files (x86)\Gpg4win\..\GnuPG\bin;C:\Program Files (x86)\Yarn\bin\;C:\nodejs\;C:\Users\Kinsl\AppData\Roaming\npm;C:\Program Files\Git\cmd;C:\Users\Kinsl\scrcpy-win64-v2.3;C:\Program Files\PowerShell\7\;C:\Users\Kinsl\AppData\Roaming\nvm;C:\Program Files\nodejs;C:\Program Files (x86)\Bitvise SSH Client;C:\Program Files\Docker\Docker\resources\bin;C:\Users\Kinsl\.cargo\bin;C:\Program Files\MySQL\MySQL Shell 8.0\bin\;C:\Users\Kinsl\scoop\shims;C:\Users\Kinsl\.console-ninja\.bin;C:\Users\Kinsl\.jbang\bin;C:\Users\Kinsl\AppData\Local\Microsoft\WindowsApps;C:\Users\Kinsl\AppData\Local\GitHubDesktop\bin;C:\Users\Kinsl\AppData\Local\Programs\Microsoft VS Code\bin;C:\Users\Kinsl\AppData\Local\JetBrains\Toolbox\scripts;C:\Users\Kinsl\.jdks\graalvm-ce-19\bin;C:\Users\Kinsl\.dotnet\tools;C:\Windows\System32\ngrok.exe;C:\Program Files\PostgreSQL\15\bin\psql.exe;C:\Program Files\Microsoft Visual Studio\2022\Community\VC\Tools\MSVC\14.35.32215\bin\Hostx64\x64;C:\Users\Kinsl\AppData\Roaming\Composer\vendor\bin;C:\gstreamer\1.0\msvc_x86_64\bin;C:\gstreamer\1.0\msvc_x86_64\bin\gst-launch-1.0.exe;C:\ProgramData\chocolatey\bin;C:\ProgramData\chocolatey\lib\ffmpeg-full\tools\ffmpeg\bin;C:\Users\Kinsl\flutter\bin;C:\Program Files\Border;C:\Users\Kinsl\.jdks\graalvm-ce-19\bin\gu;C:\Program Files\MongoDB\Server\6.0\bin;C:\Users\Kinsl\.cargo\bin\shai.exe;C:\Windows\System32;C:\Users\Kinsl\.dotnet\tools;C:\Users\Kinsl\go\bin;C:\Program Files\Go\bin;C:\OpenCV;C:\OpenCV\x64\vc16\bin;C:\nodejs;C:\Users\Kinsl\AppData\Roaming\npm;C:\Users\Kinsl\scrcpy-win64-v2.3;C:\Users\Kinsl\AppData\Local\Microsoft\WinGet\Links;C:\Users\Kinsl\AppData\Roaming\nvm;C:\Program Files\nodejs
USERNAME=Kinsl
OS=Windows_NT
PROCESSOR_IDENTIFIER=Intel64 Family 6 Model 142 Stepping 10, GenuineIntel
TMP=C:\Users\Kinsl\AppData\Local\Temp
TEMP=C:\Users\Kinsl\AppData\Local\Temp




Periodic native trim disabled

---------------  S Y S T E M  ---------------

OS:
 Windows 11 , 64 bit Build 22621 (10.0.22621.2506)
OS uptime: 4 days 19:05 hours
Hyper-V role detected

CPU: total 8 (initial active 8) (4 cores per cpu, 2 threads per core) family 6 model 142 stepping 10 microcode 0xf4, cx8, cmov, fxsr, ht, mmx, 3dnowpref, sse, sse2, sse3, ssse3, sse4.1, sse4.2, popcnt, lzcnt, tsc, tscinvbit, avx, avx2, aes, erms, clmul, bmi1, bmi2, rtm, adx, fma, vzeroupper, clflush, clflushopt, hv, rdtscp, f16c
Processor Information for all 8 processors :
  Max Mhz: 2112, Current Mhz: 1910, Mhz Limit: 1900

Memory: 4k page, system-wide physical 16262M (3751M free)
TotalPageFile size 31190M (AvailPageFile size 14333M)
current process WorkingSet (physical memory assigned to process): 444M, peak: 444M
current process commit charge ("private bytes"): 479M, peak: 479M

vm_info: OpenJDK 64-Bit Server VM (21.0.1+12-LTS) for windows-amd64 JRE (21.0.1+12-LTS), built on 2023-10-16T13:32:28Z by "hudson" with MS VC++ 17.1 (VS2022)

END.
